TN:
SF:src/types.ts
FN:1,(anonymous_0)
FN:37,(anonymous_1)
FNF:2
FNH:2
FNDA:1,(anonymous_0)
FNDA:1,(anonymous_1)
DA:1,1
DA:2,1
DA:3,1
DA:37,1
DA:38,1
DA:39,1
DA:40,1
DA:41,1
DA:42,1
DA:43,1
DA:44,1
DA:45,1
DA:48,1
LF:13
LH:13
BRDA:1,0,0,1
BRDA:1,0,1,1
BRDA:37,1,0,1
BRDA:37,1,1,1
BRF:4
BRH:4
end_of_record
TN:
SF:src/components/DroneTourPlayer.tsx
FN:16,(anonymous_0)
FN:24,(anonymous_1)
FN:61,(anonymous_2)
FN:67,(anonymous_3)
FN:68,(anonymous_4)
FN:76,(anonymous_5)
FN:81,(anonymous_6)
FN:145,(anonymous_7)
FN:148,(anonymous_8)
FNF:9
FNH:7
FNDA:5,(anonymous_0)
FNDA:0,(anonymous_1)
FNDA:4,(anonymous_2)
FNDA:3,(anonymous_3)
FNDA:3,(anonymous_4)
FNDA:5,(anonymous_5)
FNDA:3,(anonymous_6)
FNDA:3,(anonymous_7)
FNDA:0,(anonymous_8)
DA:13,1
DA:14,1
DA:16,1
DA:17,5
DA:18,5
DA:19,5
DA:20,5
DA:21,5
DA:22,5
DA:24,5
DA:25,0
DA:26,0
DA:27,0
DA:28,0
DA:29,0
DA:30,0
DA:31,0
DA:32,0
DA:35,0
DA:41,0
DA:42,0
DA:43,0
DA:46,0
DA:47,0
DA:48,0
DA:49,0
DA:51,0
DA:52,0
DA:54,0
DA:56,0
DA:57,0
DA:61,5
DA:62,4
DA:63,0
DA:67,5
DA:68,3
DA:69,3
DA:70,0
DA:76,5
DA:77,5
DA:81,3
DA:82,3
DA:83,0
DA:84,0
DA:85,0
DA:88,3
DA:90,3
DA:91,3
DA:92,3
DA:93,0
DA:94,0
DA:97,3
DA:103,3
DA:104,3
DA:105,3
DA:107,3
DA:108,1
DA:109,1
DA:110,1
DA:111,2
DA:112,1
DA:113,1
DA:114,1
DA:115,1
DA:117,1
DA:118,1
DA:119,1
DA:120,1
DA:122,0
DA:123,0
DA:127,0
DA:128,0
DA:133,0
DA:136,0
DA:142,3
DA:143,3
DA:145,3
DA:148,5
DA:149,0
DA:150,0
DA:151,0
DA:152,0
DA:153,0
DA:154,0
DA:155,0
DA:156,0
DA:159,5
LF:87
LH:45
BRDA:17,0,0,5
BRDA:17,0,1,5
BRDA:18,1,0,5
BRDA:18,1,1,5
BRDA:25,2,0,0
BRDA:25,2,1,0
BRDA:30,3,0,0
BRDA:30,3,1,0
BRDA:41,4,0,0
BRDA:41,4,1,0
BRDA:48,5,0,0
BRDA:48,5,1,0
BRDA:62,6,0,0
BRDA:62,6,1,4
BRDA:62,7,0,4
BRDA:62,7,1,1
BRDA:69,8,0,0
BRDA:69,8,1,3
BRDA:77,9,0,2
BRDA:77,9,1,3
BRDA:77,10,0,5
BRDA:77,10,1,5
BRDA:77,10,2,4
BRDA:82,11,0,0
BRDA:82,11,1,3
BRDA:92,12,0,0
BRDA:92,12,1,3
BRDA:103,13,0,3
BRDA:103,13,1,0
BRDA:105,14,0,2
BRDA:105,14,1,1
BRDA:107,15,0,1
BRDA:107,15,1,2
BRDA:109,16,0,1
BRDA:109,16,1,0
BRDA:111,17,0,1
BRDA:111,17,1,1
BRDA:112,18,0,1
BRDA:112,18,1,0
BRDA:113,19,0,1
BRDA:113,19,1,0
BRDA:113,20,0,1
BRDA:113,20,1,1
BRDA:113,20,2,1
BRDA:115,21,0,1
BRDA:115,21,1,0
BRDA:117,22,0,1
BRDA:117,22,1,0
BRDA:150,23,0,0
BRDA:150,23,1,0
BRDA:162,24,0,5
BRDA:162,24,1,1
BRDA:187,25,0,5
BRDA:187,25,1,3
BRDA:195,26,0,5
BRDA:195,26,1,1
BRDA:214,27,0,5
BRDA:214,27,1,1
BRDA:225,28,0,5
BRDA:225,28,1,4
BRDA:225,28,2,1
BRDA:225,28,3,0
BRF:62
BRH:41
end_of_record
TN:
SF:src/components/Icons.tsx
FN:9,(anonymous_0)
FN:17,(anonymous_1)
FN:27,(anonymous_2)
FN:35,(anonymous_3)
FN:43,(anonymous_4)
FN:50,(anonymous_5)
FN:57,(anonymous_6)
FN:64,(anonymous_7)
FN:72,(anonymous_8)
FN:81,(anonymous_9)
FN:89,(anonymous_10)
FN:96,(anonymous_11)
FN:103,(anonymous_12)
FN:110,(anonymous_13)
FN:116,(anonymous_14)
FN:122,(anonymous_15)
FN:130,(anonymous_16)
FN:138,(anonymous_17)
FN:145,(anonymous_18)
FN:152,(anonymous_19)
FN:159,(anonymous_20)
FN:168,(anonymous_21)
FN:176,(anonymous_22)
FNF:23
FNH:2
FNDA:0,(anonymous_0)
FNDA:0,(anonymous_1)
FNDA:0,(anonymous_2)
FNDA:0,(anonymous_3)
FNDA:0,(anonymous_4)
FNDA:0,(anonymous_5)
FNDA:0,(anonymous_6)
FNDA:0,(anonymous_7)
FNDA:0,(anonymous_8)
FNDA:22,(anonymous_9)
FNDA:0,(anonymous_10)
FNDA:11,(anonymous_11)
FNDA:0,(anonymous_12)
FNDA:0,(anonymous_13)
FNDA:0,(anonymous_14)
FNDA:0,(anonymous_15)
FNDA:0,(anonymous_16)
FNDA:0,(anonymous_17)
FNDA:0,(anonymous_18)
FNDA:0,(anonymous_19)
FNDA:0,(anonymous_20)
FNDA:0,(anonymous_21)
FNDA:0,(anonymous_22)
DA:9,1
DA:10,0
DA:17,1
DA:18,0
DA:27,1
DA:28,0
DA:35,1
DA:36,0
DA:43,1
DA:44,0
DA:50,1
DA:51,0
DA:57,1
DA:58,0
DA:64,1
DA:65,0
DA:72,1
DA:73,0
DA:81,1
DA:82,22
DA:89,1
DA:90,0
DA:96,1
DA:97,11
DA:103,1
DA:104,0
DA:110,1
DA:111,0
DA:116,1
DA:117,0
DA:122,1
DA:123,0
DA:130,1
DA:131,0
DA:138,1
DA:139,0
DA:145,1
DA:146,0
DA:152,1
DA:153,0
DA:159,1
DA:160,0
DA:168,1
DA:169,0
DA:176,1
DA:177,0
LF:46
LH:25
BRDA:9,0,0,0
BRDA:9,1,0,0
BRDA:17,2,0,0
BRDA:17,3,0,0
BRDA:27,4,0,0
BRDA:27,5,0,0
BRDA:35,6,0,0
BRDA:35,7,0,0
BRDA:43,8,0,0
BRDA:43,9,0,0
BRDA:50,10,0,0
BRDA:50,11,0,0
BRDA:57,12,0,0
BRDA:57,13,0,0
BRDA:64,14,0,0
BRDA:64,15,0,0
BRDA:72,16,0,0
BRDA:72,17,0,0
BRDA:81,18,0,22
BRDA:81,19,0,22
BRDA:89,20,0,0
BRDA:89,21,0,0
BRDA:96,22,0,11
BRDA:96,23,0,11
BRDA:103,24,0,0
BRDA:103,25,0,0
BRDA:110,26,0,0
BRDA:110,27,0,0
BRDA:116,28,0,0
BRDA:116,29,0,0
BRDA:122,30,0,0
BRDA:122,31,0,0
BRDA:130,32,0,0
BRDA:130,33,0,0
BRDA:138,34,0,0
BRDA:138,35,0,0
BRDA:145,36,0,0
BRDA:145,37,0,0
BRDA:152,38,0,0
BRDA:152,39,0,0
BRDA:159,40,0,0
BRDA:159,41,0,0
BRDA:168,42,0,0
BRDA:168,43,0,0
BRDA:176,44,0,0
BRDA:176,45,0,0
BRF:46
BRH:4
end_of_record
TN:
SF:src/components/Login.tsx
FN:10,(anonymous_0)
FN:19,(anonymous_1)
FN:44,(anonymous_2)
FN:101,(anonymous_3)
FN:111,(anonymous_4)
FN:170,(anonymous_5)
FN:191,(anonymous_6)
FN:208,(anonymous_7)
FNF:8
FNH:4
FNDA:11,(anonymous_0)
FNDA:2,(anonymous_1)
FNDA:0,(anonymous_2)
FNDA:0,(anonymous_3)
FNDA:0,(anonymous_4)
FNDA:0,(anonymous_5)
FNDA:2,(anonymous_6)
FNDA:2,(anonymous_7)
DA:10,1
DA:11,11
DA:12,11
DA:13,11
DA:14,11
DA:15,11
DA:16,11
DA:17,11
DA:19,11
DA:20,2
DA:21,2
DA:22,2
DA:23,2
DA:25,2
DA:26,2
DA:27,2
DA:29,0
DA:30,0
DA:32,0
DA:33,0
DA:34,0
DA:37,1
DA:38,1
DA:40,2
DA:44,11
DA:45,0
DA:46,0
DA:47,0
DA:49,0
DA:50,0
DA:54,11
DA:101,0
DA:111,0
DA:170,0
DA:191,2
DA:208,2
LF:36
LH:23
BRDA:26,0,0,2
BRDA:26,0,1,0
BRDA:29,1,0,0
BRDA:29,1,1,0
BRDA:38,2,0,1
BRDA:38,2,1,0
BRDA:50,3,0,0
BRDA:50,3,1,0
BRDA:102,4,0,11
BRDA:102,4,1,0
BRDA:112,5,0,0
BRDA:112,5,1,11
BRDA:122,6,0,11
BRDA:122,6,1,0
BRDA:129,7,0,11
BRDA:129,7,1,1
BRDA:160,8,0,11
BRDA:160,8,1,0
BRDA:210,9,0,0
BRDA:210,9,1,11
BRDA:211,10,0,0
BRDA:211,10,1,11
BRDA:224,11,0,2
BRDA:224,11,1,9
BRDA:230,12,0,2
BRDA:230,12,1,0
BRDA:232,13,0,9
BRDA:232,13,1,0
BRF:28
BRH:14
end_of_record
TN:
SF:src/services/geminiService.ts
FN:3,(anonymous_0)
FN:60,(anonymous_1)
FN:61,(anonymous_2)
FN:64,(anonymous_3)
FN:69,(anonymous_4)
FN:73,(anonymous_5)
FNF:6
FNH:2
FNDA:4,(anonymous_0)
FNDA:0,(anonymous_1)
FNDA:0,(anonymous_2)
FNDA:0,(anonymous_3)
FNDA:0,(anonymous_4)
FNDA:2,(anonymous_5)
DA:3,1
DA:10,4
DA:11,4
DA:12,4
DA:13,1
DA:16,3
DA:31,3
DA:32,2
DA:34,2
DA:35,2
DA:38,0
DA:41,2
DA:42,1
DA:44,1
DA:47,1
DA:48,1
DA:55,3
DA:56,3
DA:60,1
DA:61,0
DA:62,0
DA:63,0
DA:64,0
DA:65,0
DA:66,0
DA:67,0
DA:69,0
DA:73,1
DA:78,2
DA:79,2
DA:80,2
DA:81,0
DA:84,2
DA:93,2
DA:94,0
DA:95,0
DA:96,0
DA:97,0
DA:99,0
DA:103,2
DA:104,2
DA:109,0
DA:110,0
LF:43
LH:26
BRDA:12,0,0,1
BRDA:12,0,1,3
BRDA:31,1,0,2
BRDA:31,1,1,1
BRDA:38,2,0,0
BRDA:38,2,1,0
BRDA:41,3,0,1
BRDA:41,3,1,1
BRDA:42,4,0,1
BRDA:42,4,1,0
BRDA:44,5,0,1
BRDA:44,5,1,0
BRDA:51,6,0,1
BRDA:51,6,1,0
BRDA:75,7,0,2
BRDA:80,8,0,0
BRDA:80,8,1,2
BRDA:93,9,0,0
BRDA:93,9,1,2
BRDA:97,10,0,0
BRDA:97,10,1,0
BRDA:97,10,2,0
BRDA:99,11,0,0
BRDA:99,11,1,0
BRF:24
BRH:12
end_of_record
TN:
SF:src/utils/promptBuilder.ts
FN:9,(anonymous_0)
FNF:1
FNH:1
FNDA:5,(anonymous_0)
DA:9,1
DA:15,5
DA:22,5
DA:31,5
DA:32,5
DA:34,5
DA:36,1
DA:50,4
DA:65,5
DA:66,1
DA:70,5
LF:11
LH:11
BRDA:32,0,0,1
BRDA:32,0,1,4
BRDA:34,1,0,1
BRDA:34,1,1,4
BRDA:65,2,0,1
BRDA:65,2,1,4
BRF:6
BRH:6
end_of_record
