TN:
SF:api/check-operation.ts
FN:5,handler
FNF:1
FNH:1
FNDA:5,handler
DA:7,5
DA:8,0
DA:11,5
DA:12,5
DA:13,0
DA:16,5
DA:19,5
DA:20,5
DA:21,5
DA:22,1
DA:24,4
DA:26,0
DA:29,4
DA:30,1
DA:33,3
DA:35,3
DA:37,5
DA:38,1
DA:41,2
DA:42,2
DA:51,2
DA:52,1
DA:55,1
DA:56,1
DA:57,0
DA:60,1
DA:62,1
DA:64,1
DA:65,1
DA:67,1
DA:69,1
DA:70,1
DA:74,1
DA:75,1
DA:76,1
DA:77,1
DA:79,1
DA:80,1
DA:83,1
DA:84,1
DA:86,0
DA:88,1
DA:92,1
DA:93,1
DA:104,0
DA:110,1
DA:113,0
DA:114,0
LF:48
LH:40
BRDA:7,0,0,0
BRDA:7,0,1,5
BRDA:12,1,0,0
BRDA:12,1,1,5
BRDA:12,2,0,5
BRDA:12,2,1,5
BRDA:21,3,0,1
BRDA:21,3,1,4
BRDA:21,4,0,5
BRDA:21,4,1,4
BRDA:29,5,0,1
BRDA:29,5,1,3
BRDA:35,6,0,0
BRDA:35,6,1,3
BRDA:37,7,0,1
BRDA:37,7,1,4
BRDA:51,8,0,1
BRDA:51,8,1,1
BRDA:51,9,0,2
BRDA:51,9,1,1
BRDA:56,10,0,0
BRDA:56,10,1,1
BRDA:69,11,0,1
BRDA:69,11,1,0
BRDA:75,12,0,1
BRDA:75,12,1,0
BRDA:75,13,0,1
BRDA:75,13,1,1
BRDA:75,13,2,1
BRDA:77,14,0,1
BRDA:77,14,1,0
BRDA:79,15,0,1
BRDA:79,15,1,0
BRDA:83,16,0,1
BRDA:83,16,1,0
BRDA:114,17,0,0
BRDA:114,17,1,0
BRF:37
BRH:26
end_of_record
TN:
SF:api/generate.ts
FN:11,(anonymous_0)
FN:22,(anonymous_1)
FN:62,handler
FN:150,(anonymous_3)
FN:244,(anonymous_4)
FNF:5
FNH:4
FNDA:3,(anonymous_0)
FNDA:2,(anonymous_1)
FNDA:5,handler
FNDA:0,(anonymous_3)
FNDA:1,(anonymous_4)
DA:8,1
DA:9,1
DA:11,1
DA:12,3
DA:13,3
DA:14,0
DA:16,3
DA:17,0
DA:19,3
DA:22,1
DA:34,2
DA:35,2
DA:36,2
DA:49,0
DA:53,1
DA:63,5
DA:64,5
DA:65,5
DA:66,5
DA:67,5
DA:68,5
DA:70,5
DA:71,5
DA:72,5
DA:75,5
DA:76,0
DA:77,0
DA:80,5
DA:81,5
DA:82,1
DA:85,4
DA:87,4
DA:88,4
DA:89,4
DA:90,0
DA:91,0
DA:93,4
DA:95,0
DA:96,0
DA:100,4
DA:106,4
DA:107,0
DA:108,0
DA:112,4
DA:113,1
DA:116,3
DA:117,3
DA:119,3
DA:120,1
DA:130,1
DA:133,2
DA:134,0
DA:135,0
DA:138,2
DA:147,2
DA:149,2
DA:150,0
DA:151,0
DA:154,2
DA:156,2
DA:159,5
DA:160,0
DA:164,2
DA:170,5
DA:171,5
DA:175,1
DA:176,0
DA:178,1
DA:179,1
DA:181,1
DA:182,1
DA:183,1
DA:190,0
DA:191,0
DA:194,1
DA:195,1
DA:196,0
DA:197,0
DA:198,0
DA:199,0
DA:202,1
DA:206,1
DA:207,1
DA:209,1
DA:212,1
DA:213,1
DA:214,1
DA:216,1
DA:217,0
DA:218,0
DA:220,1
DA:225,1
DA:240,1
DA:242,5
DA:243,1
DA:244,1
DA:245,1
DA:246,1
DA:250,1
DA:251,0
DA:254,1
DA:255,0
DA:259,1
DA:260,1
DA:261,1
DA:262,1
DA:263,1
DA:265,1
DA:267,1
DA:268,1
DA:269,5
DA:270,5
DA:271,5
DA:273,5
DA:277,1
DA:278,0
DA:282,1
DA:283,1
DA:284,1
DA:285,0
DA:286,0
DA:287,0
DA:288,0
DA:290,0
DA:292,0
DA:296,0
DA:297,0
DA:299,0
DA:303,0
DA:306,1
DA:310,1
DA:311,0
DA:314,1
DA:316,0
DA:318,0
DA:319,0
DA:321,0
DA:322,0
DA:323,0
DA:326,1
DA:327,1
DA:336,0
DA:339,0
DA:340,0
DA:342,0
DA:343,0
DA:344,0
DA:347,1
DA:359,1
DA:367,0
DA:368,0
DA:369,0
DA:381,0
DA:382,0
DA:384,0
LF:155
LH:98
BRDA:8,0,0,1
BRDA:8,0,1,1
BRDA:8,0,2,1
BRDA:9,1,0,1
BRDA:9,1,1,1
BRDA:9,1,2,1
BRDA:13,2,0,0
BRDA:13,2,1,3
BRDA:13,3,0,3
BRDA:13,3,1,0
BRDA:16,4,0,0
BRDA:16,4,1,3
BRDA:16,5,0,3
BRDA:16,5,1,0
BRDA:19,6,0,3
BRDA:19,6,1,0
BRDA:34,7,0,0
BRDA:34,7,1,2
BRDA:41,8,0,2
BRDA:41,8,1,1
BRDA:42,9,0,2
BRDA:42,9,1,0
BRDA:43,10,0,2
BRDA:43,10,1,1
BRDA:44,11,0,2
BRDA:44,11,1,1
BRDA:45,12,0,2
BRDA:45,12,1,0
BRDA:46,13,0,2
BRDA:46,13,1,2
BRDA:71,14,0,5
BRDA:71,14,1,0
BRDA:75,15,0,0
BRDA:75,15,1,5
BRDA:81,16,0,1
BRDA:81,16,1,4
BRDA:81,17,0,5
BRDA:81,17,1,4
BRDA:89,18,0,0
BRDA:89,18,1,4
BRDA:89,19,0,4
BRDA:89,19,1,4
BRDA:106,20,0,0
BRDA:106,20,1,4
BRDA:106,21,0,4
BRDA:106,21,1,4
BRDA:112,22,0,1
BRDA:112,22,1,3
BRDA:119,23,0,1
BRDA:119,23,1,2
BRDA:133,24,0,0
BRDA:133,24,1,2
BRDA:149,25,0,0
BRDA:149,25,1,2
BRDA:156,26,0,2
BRDA:156,26,1,2
BRDA:156,26,2,2
BRDA:159,27,0,0
BRDA:159,27,1,5
BRDA:165,28,0,2
BRDA:165,28,1,0
BRDA:166,29,0,5
BRDA:166,29,1,2
BRDA:175,30,0,0
BRDA:175,30,1,1
BRDA:181,31,0,1
BRDA:181,31,1,0
BRDA:182,32,0,1
BRDA:182,32,1,0
BRDA:195,33,0,0
BRDA:195,33,1,1
BRDA:216,34,0,0
BRDA:216,34,1,1
BRDA:216,35,0,1
BRDA:216,35,1,0
BRDA:240,36,0,1
BRDA:240,36,1,0
BRDA:242,37,0,1
BRDA:242,37,1,4
BRDA:242,38,0,5
BRDA:242,38,1,1
BRDA:244,39,0,1
BRDA:244,39,1,1
BRDA:245,40,0,1
BRDA:245,40,1,0
BRDA:245,41,0,1
BRDA:245,41,1,1
BRDA:250,42,0,0
BRDA:250,42,1,1
BRDA:254,43,0,0
BRDA:254,43,1,1
BRDA:268,44,0,0
BRDA:268,44,1,1
BRDA:269,45,0,0
BRDA:269,45,1,1
BRDA:271,46,0,0
BRDA:271,46,1,1
BRDA:277,47,0,0
BRDA:277,47,1,1
BRDA:284,48,0,0
BRDA:284,48,1,1
BRDA:284,49,0,1
BRDA:284,49,1,0
BRDA:286,50,0,0
BRDA:286,50,1,0
BRDA:296,51,0,0
BRDA:296,51,1,0
BRDA:310,52,0,0
BRDA:310,52,1,1
BRDA:310,53,0,1
BRDA:310,53,1,1
BRDA:311,54,0,0
BRDA:311,54,1,0
BRDA:318,55,0,0
BRDA:318,55,1,0
BRDA:319,56,0,0
BRDA:319,56,1,0
BRDA:329,57,0,1
BRDA:329,57,1,1
BRDA:330,58,0,5
BRDA:330,58,1,0
BRDA:332,59,0,5
BRDA:332,59,1,0
BRDA:339,60,0,0
BRDA:339,60,1,0
BRDA:340,61,0,0
BRDA:340,61,1,0
BRDA:361,62,0,1
BRDA:361,62,1,0
BRDA:363,63,0,5
BRDA:363,63,1,0
BRDA:368,64,0,0
BRDA:368,64,1,0
BRDA:374,65,0,0
BRDA:374,65,1,0
BRDA:376,66,0,0
BRDA:376,66,1,0
BRDA:377,67,0,0
BRDA:377,67,1,0
BRDA:381,68,0,0
BRDA:381,68,1,0
BRDA:381,69,0,0
BRDA:381,69,1,0
BRDA:381,69,2,0
BRDA:386,70,0,0
BRDA:386,70,1,0
BRF:146
BRH:80
end_of_record
TN:
SF:api/admin/credits.ts
FN:3,handler
FNF:1
FNH:1
FNDA:6,handler
DA:4,6
DA:5,1
DA:8,5
DA:9,0
DA:12,5
DA:13,5
DA:14,1
DA:17,4
DA:19,4
DA:20,4
DA:21,4
DA:22,1
DA:26,3
DA:32,3
DA:33,1
DA:36,2
DA:38,2
DA:39,6
DA:41,6
DA:42,1
DA:46,1
DA:52,1
DA:53,0
DA:56,1
DA:59,1
DA:64,1
DA:65,0
DA:68,1
DA:74,0
DA:75,0
LF:30
LH:25
BRDA:4,0,0,1
BRDA:4,0,1,5
BRDA:8,1,0,0
BRDA:8,1,1,5
BRDA:13,2,0,1
BRDA:13,2,1,4
BRDA:13,3,0,5
BRDA:13,3,1,4
BRDA:21,4,0,1
BRDA:21,4,1,3
BRDA:21,5,0,4
BRDA:21,5,1,3
BRDA:32,6,0,1
BRDA:32,6,1,2
BRDA:32,7,0,3
BRDA:32,7,1,3
BRDA:38,8,0,2
BRDA:38,8,1,1
BRDA:39,9,0,2
BRDA:39,9,1,0
BRDA:41,10,0,1
BRDA:41,10,1,5
BRDA:41,11,0,6
BRDA:41,11,1,1
BRDA:52,12,0,0
BRDA:52,12,1,1
BRDA:52,13,0,1
BRDA:52,13,1,1
BRDA:64,14,0,0
BRDA:64,14,1,1
BRDA:75,15,0,0
BRDA:75,15,1,0
BRF:32
BRH:26
end_of_record
TN:
SF:api/lib/promptBuilder.ts
FN:1,(anonymous_0)
FN:7,(anonymous_1)
FN:35,sanitizeInput
FN:46,(anonymous_3)
FNF:4
FNH:4
FNDA:1,(anonymous_0)
FNDA:1,(anonymous_1)
FNDA:2,sanitizeInput
FNDA:7,(anonymous_3)
DA:1,1
DA:2,1
DA:3,1
DA:4,1
DA:7,1
DA:8,1
DA:9,1
DA:10,1
DA:11,1
DA:12,1
DA:13,1
DA:14,1
DA:15,1
DA:18,1
DA:38,2
DA:41,2
DA:43,2
DA:46,1
DA:52,7
DA:61,7
DA:70,7
DA:72,7
DA:76,7
DA:78,2
DA:92,5
DA:94,3
DA:113,2
DA:130,7
DA:131,2
DA:133,2
DA:137,7
LF:31
LH:31
BRDA:1,0,0,1
BRDA:1,0,1,1
BRDA:7,1,0,1
BRDA:7,1,1,1
BRDA:72,2,0,5
BRDA:72,2,1,2
BRDA:72,3,0,7
BRDA:72,3,1,5
BRDA:76,4,0,2
BRDA:76,4,1,5
BRDA:92,5,0,3
BRDA:92,5,1,2
BRDA:130,6,0,2
BRDA:130,6,1,5
BRF:14
BRH:14
end_of_record
TN:
SF:api/lib/rateLimit.ts
FN:17,(anonymous_0)
FNF:1
FNH:1
FNDA:3,(anonymous_0)
DA:5,1
DA:10,1
DA:17,1
DA:18,3
DA:19,1
DA:20,1
DA:23,2
LF:7
LH:7
BRDA:18,0,0,1
BRDA:18,0,1,2
BRDA:18,1,0,3
BRDA:18,1,1,2
BRF:4
BRH:4
end_of_record
TN:
SF:api/stripe/checkout.ts
FN:18,handler
FNF:1
FNH:1
FNDA:4,handler
DA:5,1
DA:6,0
DA:9,1
DA:13,1
DA:19,4
DA:20,1
DA:21,1
DA:24,3
DA:26,3
DA:27,3
DA:28,1
DA:31,2
DA:33,2
DA:34,0
DA:35,0
DA:38,2
DA:40,2
DA:41,0
DA:44,2
DA:46,2
DA:47,1
DA:50,1
DA:51,1
DA:54,4
DA:74,1
DA:76,0
DA:77,0
LF:27
LH:21
BRDA:5,0,0,0
BRDA:5,0,1,1
BRDA:14,1,0,1
BRDA:14,1,1,1
BRDA:15,2,0,1
BRDA:15,2,1,1
BRDA:19,3,0,1
BRDA:19,3,1,3
BRDA:27,4,0,1
BRDA:27,4,1,2
BRDA:27,5,0,3
BRDA:27,5,1,2
BRDA:33,6,0,0
BRDA:33,6,1,2
BRDA:40,7,0,0
BRDA:40,7,1,2
BRDA:40,8,0,2
BRDA:40,8,1,2
BRDA:46,9,0,1
BRDA:46,9,1,1
BRDA:46,10,0,2
BRDA:46,10,1,2
BRDA:51,11,0,1
BRDA:51,11,1,0
BRDA:77,12,0,0
BRDA:77,12,1,0
BRF:26
BRH:20
end_of_record
TN:
SF:api/stripe/portal.ts
FN:11,handler
FNF:1
FNH:1
FNDA:3,handler
DA:5,1
DA:6,0
DA:9,1
DA:12,3
DA:13,1
DA:14,1
DA:18,2
DA:19,2
DA:20,0
DA:23,2
DA:25,2
DA:26,0
DA:27,0
DA:30,2
DA:32,2
DA:33,0
DA:36,2
DA:38,2
DA:43,2
DA:44,1
DA:47,1
DA:48,1
DA:51,3
DA:56,1
DA:58,0
DA:59,0
LF:26
LH:19
BRDA:5,0,0,0
BRDA:5,0,1,1
BRDA:12,1,0,1
BRDA:12,1,1,2
BRDA:19,2,0,0
BRDA:19,2,1,2
BRDA:19,3,0,2
BRDA:19,3,1,2
BRDA:25,4,0,0
BRDA:25,4,1,2
BRDA:32,5,0,0
BRDA:32,5,1,2
BRDA:32,6,0,2
BRDA:32,6,1,2
BRDA:32,6,2,2
BRDA:43,7,0,1
BRDA:43,7,1,1
BRDA:48,8,0,1
BRDA:48,8,1,0
BRDA:59,9,0,0
BRDA:59,9,1,0
BRF:21
BRH:14
end_of_record
TN:
SF:api/stripe/webhook.ts
FN:26,getRawBody
FN:27,(anonymous_1)
FN:29,(anonymous_2)
FN:30,(anonymous_3)
FN:31,(anonymous_4)
FN:35,handler
FNF:6
FNH:5
FNDA:6,getRawBody
FNDA:6,(anonymous_1)
FNDA:6,(anonymous_2)
FNDA:6,(anonymous_3)
FNDA:0,(anonymous_4)
FNDA:8,handler
DA:5,1
DA:6,0
DA:9,1
DA:10,0
DA:13,1
DA:15,1
DA:20,1
DA:27,6
DA:28,6
DA:29,6
DA:30,6
DA:31,6
DA:36,8
DA:37,1
DA:38,1
DA:41,7
DA:42,7
DA:43,1
DA:48,6
DA:49,6
DA:50,6
DA:56,1
DA:57,1
DA:60,5
DA:61,0
DA:62,0
DA:65,5
DA:66,5
DA:68,2
DA:69,2
DA:70,2
DA:72,2
DA:73,1
DA:74,1
DA:80,1
DA:82,2
DA:85,2
DA:86,2
DA:88,2
DA:90,2
DA:91,2
DA:93,2
DA:94,1
DA:95,1
DA:101,1
DA:102,1
DA:105,1
DA:106,0
DA:107,0
DA:110,1
DA:112,1
DA:113,1
DA:114,1
DA:115,1
DA:119,1
DA:124,2
DA:127,1
DA:128,1
DA:130,1
DA:131,1
DA:132,1
DA:137,1
DA:140,0
DA:143,0
DA:144,0
DA:147,5
LF:66
LH:57
BRDA:5,0,0,0
BRDA:5,0,1,1
BRDA:9,1,0,0
BRDA:9,1,1,1
BRDA:36,2,0,1
BRDA:36,2,1,7
BRDA:42,3,0,1
BRDA:42,3,1,6
BRDA:60,4,0,0
BRDA:60,4,1,5
BRDA:66,5,0,5
BRDA:66,5,1,2
BRDA:66,5,2,1
BRDA:66,5,3,0
BRDA:72,6,0,1
BRDA:72,6,1,1
BRDA:72,7,0,2
BRDA:72,7,1,1
BRDA:76,8,0,1
BRDA:76,8,1,0
BRDA:86,9,0,2
BRDA:86,9,1,0
BRDA:93,10,0,1
BRDA:93,10,1,1
BRDA:93,11,0,2
BRDA:93,11,1,1
BRDA:96,12,0,1
BRDA:96,12,1,0
BRDA:105,13,0,0
BRDA:105,13,1,1
BRDA:112,14,0,1
BRDA:112,14,1,0
BRDA:114,15,0,1
BRDA:114,15,1,0
BRDA:130,16,0,1
BRDA:130,16,1,0
BRF:36
BRH:25
end_of_record
TN:
SF:src/App.tsx
FN:9,(anonymous_0)
FN:56,(anonymous_1)
FNF:2
FNH:2
FNDA:5,(anonymous_0)
FNDA:5,(anonymous_1)
DA:9,2
DA:21,5
DA:23,5
DA:24,1
DA:27,4
DA:28,1
DA:37,3
DA:38,1
DA:47,2
DA:56,2
DA:57,5
LF:11
LH:11
BRDA:23,0,0,1
BRDA:23,0,1,4
BRDA:23,1,0,5
BRDA:23,1,1,4
BRDA:23,1,2,3
BRDA:27,2,0,1
BRDA:27,2,1,3
BRDA:37,3,0,1
BRDA:37,3,1,2
BRF:9
BRH:9
end_of_record
TN:
SF:src/constants.ts
FNF:0
FNH:0
DA:2,1
DA:11,1
DA:25,1
LF:3
LH:3
BRF:0
BRH:0
end_of_record
TN:
SF:src/types.ts
FN:1,(anonymous_0)
FN:43,(anonymous_1)
FNF:2
FNH:2
FNDA:3,(anonymous_0)
FNDA:3,(anonymous_1)
DA:1,3
DA:2,3
DA:3,3
DA:4,3
DA:43,3
DA:44,3
DA:45,3
DA:46,3
DA:47,3
DA:48,3
DA:49,3
DA:50,3
DA:51,3
DA:54,3
LF:14
LH:14
BRDA:1,0,0,3
BRDA:1,0,1,3
BRDA:43,1,0,3
BRDA:43,1,1,3
BRF:4
BRH:4
end_of_record
TN:
SF:src/components/AuthenticatedApp.tsx
FN:16,(anonymous_0)
FN:17,(anonymous_1)
FN:33,(anonymous_2)
FN:57,(anonymous_3)
FN:86,(anonymous_4)
FN:104,(anonymous_5)
FN:112,(anonymous_6)
FN:124,(anonymous_7)
FN:200,(anonymous_8)
FN:231,(anonymous_9)
FN:253,(anonymous_10)
FN:269,(anonymous_11)
FN:290,(anonymous_12)
FN:319,(anonymous_13)
FN:322,(anonymous_14)
FN:327,(anonymous_15)
FN:332,(anonymous_16)
FN:338,(anonymous_17)
FN:344,(anonymous_18)
FN:349,(anonymous_19)
FN:354,(anonymous_20)
FN:361,(anonymous_21)
FN:361,(anonymous_22)
FN:370,(anonymous_23)
FN:378,(anonymous_24)
FN:380,(anonymous_25)
FN:380,(anonymous_26)
FN:385,(anonymous_27)
FN:413,(anonymous_28)
FN:484,(anonymous_29)
FN:493,(anonymous_30)
FN:511,(anonymous_31)
FN:520,(anonymous_32)
FNF:33
FNH:7
FNDA:1,(anonymous_0)
FNDA:0,(anonymous_1)
FNDA:0,(anonymous_2)
FNDA:0,(anonymous_3)
FNDA:2,(anonymous_4)
FNDA:6,(anonymous_5)
FNDA:0,(anonymous_6)
FNDA:0,(anonymous_7)
FNDA:2,(anonymous_8)
FNDA:2,(anonymous_9)
FNDA:0,(anonymous_10)
FNDA:2,(anonymous_11)
FNDA:0,(anonymous_12)
FNDA:0,(anonymous_13)
FNDA:1,(anonymous_14)
FNDA:0,(anonymous_15)
FNDA:0,(anonymous_16)
FNDA:0,(anonymous_17)
FNDA:0,(anonymous_18)
FNDA:0,(anonymous_19)
FNDA:0,(anonymous_20)
FNDA:0,(anonymous_21)
FNDA:0,(anonymous_22)
FNDA:0,(anonymous_23)
FNDA:0,(anonymous_24)
FNDA:0,(anonymous_25)
FNDA:0,(anonymous_26)
FNDA:0,(anonymous_27)
FNDA:0,(anonymous_28)
FNDA:0,(anonymous_29)
FNDA:0,(anonymous_30)
FNDA:0,(anonymous_31)
FNDA:0,(anonymous_32)
DA:16,1
DA:17,1
DA:33,1
DA:34,0
DA:57,1
DA:58,0
DA:86,1
DA:101,2
DA:105,6
DA:106,6
DA:107,6
DA:109,6
DA:112,0
DA:124,0
DA:200,1
DA:207,2
DA:231,1
DA:232,2
DA:253,1
DA:254,0
DA:269,1
DA:270,2
DA:288,2
DA:290,2
DA:292,2
DA:293,2
DA:294,2
DA:295,2
DA:296,2
DA:297,2
DA:298,2
DA:299,2
DA:307,2
DA:319,2
DA:320,2
DA:322,2
DA:323,1
DA:324,1
DA:327,2
DA:328,0
DA:329,0
DA:332,2
DA:333,0
DA:334,0
DA:335,0
DA:338,2
DA:339,0
DA:340,0
DA:341,0
DA:344,2
DA:345,0
DA:346,0
DA:349,2
DA:350,0
DA:351,0
DA:354,2
DA:355,0
DA:356,0
DA:357,0
DA:358,0
DA:359,0
DA:361,0
DA:362,0
DA:365,0
DA:370,2
DA:371,0
DA:372,0
DA:374,0
DA:378,2
DA:379,0
DA:380,0
DA:381,0
DA:385,2
DA:386,0
DA:387,0
DA:388,0
DA:390,0
DA:392,0
DA:396,2
DA:397,0
DA:406,2
DA:407,0
DA:413,0
DA:418,2
DA:433,2
DA:440,2
DA:446,2
DA:462,2
DA:474,2
DA:484,0
DA:490,2
DA:493,0
DA:504,2
DA:511,0
DA:520,0
LF:95
LH:52
BRDA:42,0,0,0
BRDA:42,0,1,0
BRDA:44,1,0,0
BRDA:44,1,1,0
BRDA:44,2,0,0
BRDA:44,2,1,0
BRDA:106,3,0,2
BRDA:106,3,1,4
BRDA:107,4,0,2
BRDA:107,4,1,4
BRDA:113,5,0,2
BRDA:113,5,1,4
BRDA:125,6,0,0
BRDA:125,6,1,2
BRDA:130,7,0,0
BRDA:130,7,1,2
BRDA:130,8,0,2
BRDA:130,8,1,0
BRDA:134,9,0,0
BRDA:134,9,1,0
BRDA:139,10,0,0
BRDA:139,10,1,2
BRDA:141,11,0,2
BRDA:141,11,1,0
BRDA:146,12,0,2
BRDA:146,12,1,0
BRDA:152,13,0,2
BRDA:152,13,1,0
BRDA:160,14,0,2
BRDA:160,14,1,2
BRDA:160,14,2,0
BRDA:163,15,0,2
BRDA:163,15,1,0
BRDA:163,16,0,2
BRDA:163,16,1,2
BRDA:163,16,2,0
BRDA:170,17,0,0
BRDA:170,17,1,2
BRDA:180,18,0,0
BRDA:180,18,1,2
BRDA:184,19,0,2
BRDA:184,19,1,2
BRDA:184,19,2,0
BRDA:184,19,3,0
BRDA:213,20,0,2
BRDA:213,20,1,2
BRDA:233,21,0,1
BRDA:233,21,1,1
BRDA:319,22,0,2
BRDA:319,22,1,2
BRDA:320,23,0,0
BRDA:320,23,1,2
BRDA:333,24,0,0
BRDA:333,24,1,0
BRDA:339,25,0,0
BRDA:339,25,1,0
BRDA:355,26,0,0
BRDA:355,26,1,0
BRDA:355,27,0,0
BRDA:355,27,1,0
BRDA:355,27,2,0
BRDA:362,28,0,0
BRDA:362,28,1,0
BRDA:372,29,0,0
BRDA:372,29,1,0
BRDA:379,30,0,0
BRDA:379,30,1,0
BRDA:381,31,0,0
BRDA:381,31,1,0
BRDA:396,32,0,0
BRDA:396,32,1,2
BRDA:406,33,0,0
BRDA:406,33,1,2
BRDA:406,34,0,2
BRDA:406,34,1,0
BRDA:514,35,0,2
BRDA:514,35,1,0
BRDA:523,36,0,2
BRDA:523,36,1,0
BRDA:523,36,2,0
BRF:80
BRH:34
end_of_record
TN:
SF:src/components/ComparisonSlider.tsx
FN:9,(anonymous_0)
FN:12,(anonymous_1)
FNF:2
FNH:0
FNDA:0,(anonymous_0)
FNDA:0,(anonymous_1)
DA:9,1
DA:10,0
DA:12,0
DA:13,0
DA:16,0
LF:5
LH:1
BRF:0
BRH:0
end_of_record
TN:
SF:src/components/DesignStudio.tsx
FN:26,(anonymous_0)
FN:33,(anonymous_1)
FN:57,(anonymous_2)
FN:69,(anonymous_3)
FN:72,(anonymous_4)
FNF:5
FNH:2
FNDA:2,(anonymous_0)
FNDA:0,(anonymous_1)
FNDA:0,(anonymous_2)
FNDA:12,(anonymous_3)
FNDA:0,(anonymous_4)
DA:17,1
DA:26,1
DA:33,2
DA:34,0
DA:35,0
DA:36,0
DA:39,2
DA:57,0
DA:70,12
DA:72,0
LF:10
LH:5
BRDA:34,0,0,0
BRDA:34,0,1,0
BRDA:35,1,0,0
BRDA:35,1,1,0
BRDA:42,2,0,2
BRDA:42,2,1,2
BRDA:52,3,0,0
BRDA:52,3,1,2
BRDA:58,4,0,0
BRDA:58,4,1,2
BRDA:67,5,0,2
BRDA:67,5,1,2
BRDA:74,6,0,0
BRDA:74,6,1,12
BRF:14
BRH:7
end_of_record
TN:
SF:src/components/DownloadMenu.tsx
FN:16,(anonymous_0)
FN:31,(anonymous_1)
FN:32,(anonymous_2)
FN:32,(anonymous_3)
FN:49,(anonymous_4)
FN:66,(anonymous_5)
FN:83,(anonymous_6)
FN:100,(anonymous_7)
FN:120,(anonymous_8)
FNF:9
FNH:0
FNDA:0,(anonymous_0)
FNDA:0,(anonymous_1)
FNDA:0,(anonymous_2)
FNDA:0,(anonymous_3)
FNDA:0,(anonymous_4)
FNDA:0,(anonymous_5)
FNDA:0,(anonymous_6)
FNDA:0,(anonymous_7)
FNDA:0,(anonymous_8)
DA:16,1
DA:26,0
DA:28,0
DA:31,0
DA:32,0
DA:50,0
DA:51,0
DA:67,0
DA:68,0
DA:84,0
DA:85,0
DA:101,0
DA:102,0
DA:121,0
LF:14
LH:1
BRDA:45,0,0,0
BRDA:45,0,1,0
BRDA:62,1,0,0
BRDA:62,1,1,0
BRDA:98,2,0,0
BRDA:98,2,1,0
BRDA:116,3,0,0
BRDA:116,3,1,0
BRDA:121,4,0,0
BRDA:121,4,1,0
BRDA:124,5,0,0
BRDA:124,5,1,0
BRDA:127,6,0,0
BRDA:127,6,1,0
BRDA:134,7,0,0
BRDA:134,7,1,0
BRDA:137,8,0,0
BRDA:137,8,1,0
BRF:18
BRH:0
end_of_record
TN:
SF:src/components/DroneTourPlayer.tsx
FN:16,(anonymous_0)
FN:23,(anonymous_1)
FN:30,(anonymous_2)
FN:32,(anonymous_3)
FN:69,(anonymous_4)
FN:75,(anonymous_5)
FN:76,(anonymous_6)
FN:84,(anonymous_7)
FN:87,(anonymous_8)
FN:151,(anonymous_9)
FN:154,(anonymous_10)
FNF:11
FNH:8
FNDA:5,(anonymous_0)
FNDA:3,(anonymous_1)
FNDA:0,(anonymous_2)
FNDA:0,(anonymous_3)
FNDA:4,(anonymous_4)
FNDA:3,(anonymous_5)
FNDA:3,(anonymous_6)
FNDA:5,(anonymous_7)
FNDA:3,(anonymous_8)
FNDA:3,(anonymous_9)
FNDA:0,(anonymous_10)
DA:13,2
DA:14,2
DA:16,2
DA:17,5
DA:18,5
DA:19,5
DA:20,5
DA:21,5
DA:22,5
DA:23,5
DA:24,3
DA:25,3
DA:26,0
DA:27,3
DA:28,3
DA:30,5
DA:32,5
DA:33,0
DA:34,0
DA:35,0
DA:36,0
DA:37,0
DA:38,0
DA:39,0
DA:40,0
DA:43,0
DA:49,0
DA:50,0
DA:51,0
DA:54,0
DA:55,0
DA:56,0
DA:57,0
DA:59,0
DA:60,0
DA:62,0
DA:64,0
DA:65,0
DA:69,5
DA:70,4
DA:71,0
DA:75,5
DA:76,3
DA:77,3
DA:78,0
DA:84,5
DA:85,5
DA:87,3
DA:88,3
DA:89,0
DA:90,0
DA:91,0
DA:94,3
DA:96,3
DA:97,3
DA:98,3
DA:99,0
DA:100,0
DA:103,3
DA:109,3
DA:110,3
DA:111,3
DA:113,3
DA:114,1
DA:115,1
DA:116,1
DA:117,2
DA:118,1
DA:119,1
DA:120,1
DA:121,1
DA:123,1
DA:124,1
DA:125,1
DA:126,1
DA:128,0
DA:129,0
DA:133,0
DA:134,0
DA:142,0
DA:148,3
DA:149,3
DA:151,3
DA:154,5
DA:155,0
DA:156,0
DA:157,0
DA:158,0
DA:159,0
DA:160,0
DA:161,0
DA:162,0
DA:165,5
LF:93
LH:51
BRDA:17,0,0,5
BRDA:17,0,1,5
BRDA:18,1,0,5
BRDA:18,1,1,5
BRDA:25,2,0,3
BRDA:25,2,1,0
BRDA:26,3,0,0
BRDA:26,3,1,0
BRDA:27,4,0,0
BRDA:27,4,1,0
BRDA:30,5,0,0
BRDA:30,5,1,0
BRDA:33,6,0,0
BRDA:33,6,1,0
BRDA:38,7,0,0
BRDA:38,7,1,0
BRDA:49,8,0,0
BRDA:49,8,1,0
BRDA:56,9,0,0
BRDA:56,9,1,0
BRDA:70,10,0,0
BRDA:70,10,1,4
BRDA:70,11,0,4
BRDA:70,11,1,1
BRDA:77,12,0,0
BRDA:77,12,1,3
BRDA:85,13,0,2
BRDA:85,13,1,3
BRDA:85,14,0,5
BRDA:85,14,1,5
BRDA:85,14,2,4
BRDA:88,15,0,0
BRDA:88,15,1,3
BRDA:98,16,0,0
BRDA:98,16,1,3
BRDA:109,17,0,3
BRDA:109,17,1,0
BRDA:111,18,0,2
BRDA:111,18,1,1
BRDA:113,19,0,1
BRDA:113,19,1,2
BRDA:115,20,0,1
BRDA:115,20,1,0
BRDA:117,21,0,1
BRDA:117,21,1,1
BRDA:118,22,0,1
BRDA:118,22,1,0
BRDA:119,23,0,1
BRDA:119,23,1,0
BRDA:119,24,0,1
BRDA:119,24,1,1
BRDA:119,24,2,1
BRDA:121,25,0,1
BRDA:121,25,1,0
BRDA:123,26,0,1
BRDA:123,26,1,0
BRDA:156,27,0,0
BRDA:156,27,1,0
BRDA:168,28,0,5
BRDA:168,28,1,1
BRDA:193,29,0,5
BRDA:193,29,1,3
BRDA:201,30,0,5
BRDA:201,30,1,1
BRDA:220,31,0,5
BRDA:220,31,1,1
BRDA:231,32,0,5
BRDA:231,32,1,4
BRDA:231,32,2,1
BRDA:231,32,3,0
BRF:70
BRH:42
end_of_record
TN:
SF:src/components/Header.tsx
FN:15,(anonymous_0)
FN:27,(anonymous_1)
FN:46,(anonymous_2)
FNF:3
FNH:1
FNDA:2,(anonymous_0)
FNDA:0,(anonymous_1)
FNDA:0,(anonymous_2)
DA:15,1
DA:16,2
DA:20,2
DA:27,0
DA:46,0
LF:5
LH:3
BRDA:16,0,0,2
BRDA:16,0,1,0
BRDA:17,1,0,0
BRDA:17,1,1,2
BRDA:17,2,0,0
BRDA:17,2,1,2
BRDA:59,3,0,2
BRDA:59,3,1,2
BRDA:78,4,0,0
BRDA:78,4,1,2
BRDA:78,5,0,0
BRDA:78,5,1,2
BRDA:90,6,0,2
BRDA:90,6,1,2
BRDA:92,7,0,0
BRDA:92,7,1,2
BRDA:96,8,0,2
BRDA:96,8,1,2
BRDA:96,9,0,2
BRDA:96,9,1,2
BRDA:99,10,0,2
BRDA:99,10,1,2
BRDA:103,11,0,2
BRDA:103,11,1,0
BRDA:103,11,2,0
BRDA:106,12,0,0
BRDA:106,12,1,0
BRDA:115,13,0,0
BRDA:115,13,1,0
BRF:29
BRH:17
end_of_record
TN:
SF:src/components/Icons.tsx
FN:9,(anonymous_0)
FN:17,(anonymous_1)
FN:27,(anonymous_2)
FN:35,(anonymous_3)
FN:43,(anonymous_4)
FN:50,(anonymous_5)
FN:57,(anonymous_6)
FN:64,(anonymous_7)
FN:72,(anonymous_8)
FN:81,(anonymous_9)
FN:89,(anonymous_10)
FN:96,(anonymous_11)
FN:103,(anonymous_12)
FN:110,(anonymous_13)
FN:116,(anonymous_14)
FN:122,(anonymous_15)
FN:130,(anonymous_16)
FN:138,(anonymous_17)
FN:145,(anonymous_18)
FN:152,(anonymous_19)
FN:159,(anonymous_20)
FN:168,(anonymous_21)
FN:176,(anonymous_22)
FNF:23
FNH:8
FNDA:3,(anonymous_0)
FNDA:0,(anonymous_1)
FNDA:0,(anonymous_2)
FNDA:1,(anonymous_3)
FNDA:0,(anonymous_4)
FNDA:0,(anonymous_5)
FNDA:0,(anonymous_6)
FNDA:2,(anonymous_7)
FNDA:0,(anonymous_8)
FNDA:24,(anonymous_9)
FNDA:0,(anonymous_10)
FNDA:11,(anonymous_11)
FNDA:0,(anonymous_12)
FNDA:0,(anonymous_13)
FNDA:0,(anonymous_14)
FNDA:2,(anonymous_15)
FNDA:2,(anonymous_16)
FNDA:0,(anonymous_17)
FNDA:0,(anonymous_18)
FNDA:3,(anonymous_19)
FNDA:0,(anonymous_20)
FNDA:0,(anonymous_21)
FNDA:0,(anonymous_22)
DA:9,3
DA:10,3
DA:17,3
DA:18,0
DA:27,3
DA:28,0
DA:35,3
DA:36,1
DA:43,3
DA:44,0
DA:50,3
DA:51,0
DA:57,3
DA:58,0
DA:64,3
DA:65,2
DA:72,3
DA:73,0
DA:81,3
DA:82,24
DA:89,3
DA:90,0
DA:96,3
DA:97,11
DA:103,3
DA:104,0
DA:110,3
DA:111,0
DA:116,3
DA:117,0
DA:122,3
DA:123,2
DA:130,3
DA:131,2
DA:138,3
DA:139,0
DA:145,3
DA:146,0
DA:152,3
DA:153,3
DA:159,3
DA:160,0
DA:168,3
DA:169,0
DA:176,3
DA:177,0
LF:46
LH:31
BRDA:9,0,0,3
BRDA:9,1,0,3
BRDA:17,2,0,0
BRDA:17,3,0,0
BRDA:27,4,0,0
BRDA:27,5,0,0
BRDA:35,6,0,1
BRDA:35,7,0,1
BRDA:43,8,0,0
BRDA:43,9,0,0
BRDA:50,10,0,0
BRDA:50,11,0,0
BRDA:57,12,0,0
BRDA:57,13,0,0
BRDA:64,14,0,2
BRDA:64,15,0,2
BRDA:72,16,0,0
BRDA:72,17,0,0
BRDA:81,18,0,24
BRDA:81,19,0,24
BRDA:89,20,0,0
BRDA:89,21,0,0
BRDA:96,22,0,11
BRDA:96,23,0,11
BRDA:103,24,0,0
BRDA:103,25,0,0
BRDA:110,26,0,0
BRDA:110,27,0,0
BRDA:116,28,0,0
BRDA:116,29,0,0
BRDA:122,30,0,2
BRDA:122,31,0,2
BRDA:130,32,0,2
BRDA:130,33,0,2
BRDA:138,34,0,0
BRDA:138,35,0,0
BRDA:145,36,0,0
BRDA:145,37,0,0
BRDA:152,38,0,3
BRDA:152,39,0,3
BRDA:159,40,0,0
BRDA:159,41,0,0
BRDA:168,42,0,0
BRDA:168,43,0,0
BRDA:176,44,0,0
BRDA:176,45,0,0
BRF:46
BRH:16
end_of_record
TN:
SF:src/components/ImageUploader.tsx
FN:12,(anonymous_0)
FN:18,(anonymous_1)
FN:50,(anonymous_2)
FN:56,(anonymous_3)
FN:61,(anonymous_4)
FN:66,(anonymous_5)
FN:70,(anonymous_6)
FN:129,(anonymous_7)
FN:142,(anonymous_8)
FNF:9
FNH:3
FNDA:3,(anonymous_0)
FNDA:1,(anonymous_1)
FNDA:1,(anonymous_2)
FNDA:0,(anonymous_3)
FNDA:0,(anonymous_4)
FNDA:0,(anonymous_5)
FNDA:0,(anonymous_6)
FNDA:0,(anonymous_7)
FNDA:0,(anonymous_8)
DA:12,1
DA:13,3
DA:14,3
DA:15,3
DA:16,3
DA:18,3
DA:19,1
DA:20,1
DA:22,1
DA:23,0
DA:26,1
DA:28,1
DA:29,1
DA:31,1
DA:32,1
DA:34,1
DA:42,0
DA:43,0
DA:46,1
DA:47,1
DA:50,3
DA:51,1
DA:52,1
DA:56,3
DA:57,0
DA:58,0
DA:61,3
DA:62,0
DA:63,0
DA:66,3
DA:67,0
DA:68,0
DA:69,0
DA:70,0
DA:71,0
DA:74,3
DA:75,0
DA:84,3
DA:129,0
DA:142,0
LF:40
LH:25
BRDA:22,0,0,0
BRDA:22,0,1,1
BRDA:29,1,0,0
BRDA:29,1,1,1
BRDA:47,2,0,1
BRDA:47,2,1,0
BRDA:51,3,0,1
BRDA:51,3,1,0
BRDA:58,4,0,0
BRDA:58,4,1,0
BRDA:69,5,0,0
BRDA:69,5,1,0
BRDA:71,6,0,0
BRDA:71,6,1,0
BRDA:74,7,0,0
BRDA:74,7,1,3
BRDA:88,8,0,0
BRDA:88,8,1,3
BRDA:117,9,0,0
BRDA:117,9,1,3
BRDA:129,10,0,0
BRDA:129,10,1,0
BRDA:142,11,0,0
BRDA:142,11,1,0
BRF:24
BRH:7
end_of_record
TN:
SF:src/components/LoadingScreen.tsx
FN:4,(anonymous_0)
FNF:1
FNH:1
FNDA:1,(anonymous_0)
DA:4,2
DA:5,1
LF:2
LH:2
BRF:0
BRH:0
end_of_record
TN:
SF:src/components/Login.tsx
FN:10,(anonymous_0)
FN:19,(anonymous_1)
FN:49,(anonymous_2)
FN:111,(anonymous_3)
FN:121,(anonymous_4)
FN:180,(anonymous_5)
FN:201,(anonymous_6)
FN:219,(anonymous_7)
FNF:8
FNH:4
FNDA:11,(anonymous_0)
FNDA:2,(anonymous_1)
FNDA:0,(anonymous_2)
FNDA:0,(anonymous_3)
FNDA:0,(anonymous_4)
FNDA:0,(anonymous_5)
FNDA:2,(anonymous_6)
FNDA:2,(anonymous_7)
DA:10,2
DA:11,11
DA:12,11
DA:13,11
DA:14,11
DA:15,11
DA:16,11
DA:17,11
DA:19,11
DA:20,2
DA:21,2
DA:22,2
DA:23,2
DA:25,2
DA:26,2
DA:27,2
DA:28,2
DA:30,0
DA:31,0
DA:33,0
DA:34,0
DA:36,0
DA:37,0
DA:38,0
DA:42,1
DA:43,1
DA:45,2
DA:49,11
DA:50,0
DA:51,0
DA:52,0
DA:53,0
DA:55,0
DA:59,0
DA:60,0
DA:64,11
DA:111,0
DA:121,0
DA:180,0
DA:201,2
DA:219,2
LF:41
LH:24
BRDA:26,0,0,2
BRDA:26,0,1,0
BRDA:28,1,0,1
BRDA:28,1,1,1
BRDA:30,2,0,0
BRDA:30,2,1,0
BRDA:34,3,0,0
BRDA:34,3,1,0
BRDA:36,4,0,0
BRDA:36,4,1,0
BRDA:36,5,0,0
BRDA:36,5,1,0
BRDA:43,6,0,1
BRDA:43,6,1,0
BRDA:53,7,0,0
BRDA:53,7,1,0
BRDA:55,8,0,0
BRDA:55,8,1,0
BRDA:60,9,0,0
BRDA:60,9,1,0
BRDA:112,10,0,11
BRDA:112,10,1,0
BRDA:122,11,0,0
BRDA:122,11,1,11
BRDA:132,12,0,11
BRDA:132,12,1,0
BRDA:139,13,0,11
BRDA:139,13,1,1
BRDA:170,14,0,11
BRDA:170,14,1,0
BRDA:221,15,0,0
BRDA:221,15,1,11
BRDA:222,16,0,0
BRDA:222,16,1,11
BRDA:224,17,0,11
BRDA:224,17,1,0
BRDA:236,18,0,2
BRDA:236,18,1,9
BRDA:242,19,0,2
BRDA:242,19,1,0
BRDA:244,20,0,9
BRDA:244,20,1,0
BRF:42
BRH:17
end_of_record
TN:
SF:src/components/PreviewArea.tsx
FN:27,(anonymous_0)
FN:49,(anonymous_1)
FN:54,(anonymous_2)
FN:80,(anonymous_3)
FN:84,(anonymous_4)
FN:84,(anonymous_5)
FN:85,(anonymous_6)
FN:85,(anonymous_7)
FN:86,(anonymous_8)
FN:150,(anonymous_9)
FN:153,(anonymous_10)
FN:169,(anonymous_11)
FN:198,(anonymous_12)
FN:292,(anonymous_13)
FN:300,(anonymous_14)
FN:322,(anonymous_15)
FN:327,(anonymous_16)
FNF:17
FNH:2
FNDA:2,(anonymous_0)
FNDA:0,(anonymous_1)
FNDA:0,(anonymous_2)
FNDA:1,(anonymous_3)
FNDA:0,(anonymous_4)
FNDA:0,(anonymous_5)
FNDA:0,(anonymous_6)
FNDA:0,(anonymous_7)
FNDA:0,(anonymous_8)
FNDA:0,(anonymous_9)
FNDA:0,(anonymous_10)
FNDA:0,(anonymous_11)
FNDA:0,(anonymous_12)
FNDA:0,(anonymous_13)
FNDA:0,(anonymous_14)
FNDA:0,(anonymous_15)
FNDA:0,(anonymous_16)
DA:27,1
DA:42,2
DA:43,2
DA:44,2
DA:45,2
DA:46,2
DA:47,2
DA:49,2
DA:50,0
DA:51,0
DA:54,2
DA:55,0
DA:56,0
DA:59,0
DA:60,0
DA:61,0
DA:64,0
DA:65,0
DA:67,0
DA:68,0
DA:69,0
DA:70,0
DA:72,0
DA:73,0
DA:75,0
DA:80,2
DA:81,1
DA:84,2
DA:85,2
DA:86,2
DA:88,2
DA:89,2
DA:100,0
DA:106,2
DA:108,2
DA:151,0
DA:153,0
DA:170,0
DA:171,0
DA:173,0
DA:198,0
DA:292,0
DA:300,0
DA:323,0
DA:325,0
DA:327,0
LF:46
LH:18
BRDA:55,0,0,0
BRDA:55,0,1,0
BRDA:56,1,0,0
BRDA:56,1,1,0
BRDA:59,2,0,0
BRDA:59,2,1,0
BRDA:72,3,0,0
BRDA:72,3,1,0
BRDA:88,4,0,2
BRDA:88,4,1,0
BRDA:102,5,0,0
BRDA:102,5,1,0
BRDA:103,6,0,2
BRDA:103,6,1,0
BRDA:106,7,0,0
BRDA:106,7,1,0
BRDA:106,8,0,2
BRDA:106,8,1,0
BRDA:127,9,0,2
BRDA:127,9,1,0
BRDA:155,10,0,0
BRDA:155,10,1,0
BRDA:156,11,0,0
BRDA:156,11,1,0
BRDA:167,12,0,2
BRDA:167,12,1,0
BRDA:170,13,0,0
BRDA:170,13,1,0
BRDA:171,14,0,0
BRDA:171,14,1,0
BRDA:177,15,0,0
BRDA:177,15,1,0
BRDA:180,16,0,0
BRDA:180,16,1,0
BRDA:185,17,0,0
BRDA:185,17,1,0
BRDA:185,18,0,0
BRDA:185,18,1,0
BRDA:204,19,0,2
BRDA:204,19,1,0
BRDA:212,20,0,0
BRDA:212,20,1,0
BRDA:214,21,0,0
BRDA:214,21,1,0
BRDA:246,22,0,0
BRDA:246,22,1,0
BRDA:249,23,0,0
BRDA:249,23,1,0
BRDA:256,24,0,0
BRDA:256,24,1,0
BRDA:256,24,2,0
BRDA:259,25,0,0
BRDA:259,25,1,0
BRDA:266,26,0,0
BRDA:266,26,1,0
BRDA:266,26,2,0
BRDA:277,27,0,2
BRDA:277,27,1,0
BRDA:317,28,0,2
BRDA:317,28,1,0
BRF:60
BRH:8
end_of_record
TN:
SF:src/components/ProfileErrorScreen.tsx
FN:10,(anonymous_0)
FN:11,(anonymous_1)
FNF:2
FNH:1
FNDA:1,(anonymous_0)
FNDA:0,(anonymous_1)
DA:10,2
DA:11,1
DA:13,0
DA:14,0
DA:15,0
DA:18,1
LF:6
LH:3
BRF:0
BRH:0
end_of_record
TN:
SF:src/components/PropertyCreation.tsx
FN:11,(anonymous_0)
FN:14,(anonymous_1)
FN:88,(anonymous_2)
FN:111,(anonymous_3)
FN:114,(anonymous_4)
FNF:5
FNH:0
FNDA:0,(anonymous_0)
FNDA:0,(anonymous_1)
FNDA:0,(anonymous_2)
FNDA:0,(anonymous_3)
FNDA:0,(anonymous_4)
DA:11,1
DA:12,0
DA:14,0
DA:15,0
DA:16,0
DA:17,0
DA:20,0
DA:88,0
DA:112,0
DA:114,0
LF:10
LH:1
BRDA:105,0,0,0
BRDA:105,0,1,0
BRF:2
BRH:0
end_of_record
TN:
SF:src/components/Sidebar.tsx
FN:24,(anonymous_0)
FN:41,(anonymous_1)
FN:55,(anonymous_2)
FN:55,(anonymous_3)
FN:55,(anonymous_4)
FN:132,(anonymous_5)
FN:135,(anonymous_6)
FN:175,(anonymous_7)
FN:196,(anonymous_8)
FN:214,(anonymous_9)
FNF:10
FNH:1
FNDA:3,(anonymous_0)
FNDA:0,(anonymous_1)
FNDA:0,(anonymous_2)
FNDA:0,(anonymous_3)
FNDA:0,(anonymous_4)
FNDA:0,(anonymous_5)
FNDA:0,(anonymous_6)
FNDA:0,(anonymous_7)
FNDA:0,(anonymous_8)
FNDA:0,(anonymous_9)
DA:24,1
DA:41,3
DA:42,3
DA:44,3
DA:55,0
DA:133,0
DA:135,0
DA:176,0
DA:177,0
DA:197,0
DA:198,0
DA:215,0
DA:216,0
LF:13
LH:4
BRDA:39,0,0,3
BRDA:42,1,0,3
BRDA:42,1,1,0
BRDA:47,2,0,3
BRDA:47,2,1,2
BRDA:51,3,0,0
BRDA:51,3,1,2
BRDA:55,4,0,0
BRDA:55,4,1,0
BRDA:87,5,0,1
BRDA:87,5,1,2
BRDA:88,6,0,1
BRDA:88,6,1,2
BRDA:96,7,0,3
BRDA:96,7,1,0
BRDA:102,8,0,0
BRDA:102,8,1,0
BRDA:106,9,0,0
BRDA:106,9,1,0
BRDA:112,10,0,0
BRDA:112,10,1,0
BRDA:114,11,0,0
BRDA:114,11,1,0
BRDA:114,11,2,0
BRDA:138,12,0,0
BRDA:138,12,1,0
BRDA:151,13,0,0
BRDA:151,13,1,0
BRDA:159,14,0,0
BRDA:159,14,1,0
BRDA:167,15,0,0
BRDA:167,15,1,0
BRDA:167,15,2,0
BRDA:179,16,0,0
BRDA:179,16,1,0
BRDA:183,17,0,0
BRDA:183,17,1,0
BRDA:184,18,0,0
BRDA:184,18,1,0
BRDA:186,19,0,0
BRDA:186,19,1,0
BRDA:194,20,0,0
BRDA:194,20,1,0
BRDA:194,20,2,0
BRDA:201,21,0,0
BRDA:201,21,1,0
BRF:46
BRH:10
end_of_record
TN:
SF:src/components/StyleSelector.tsx
FN:20,(anonymous_0)
FN:23,(anonymous_1)
FN:30,(anonymous_2)
FNF:3
FNH:2
FNDA:1,(anonymous_0)
FNDA:8,(anonymous_1)
FNDA:0,(anonymous_2)
DA:9,1
DA:20,1
DA:21,1
DA:24,8
DA:25,8
DA:27,8
DA:30,0
LF:7
LH:6
BRDA:24,0,0,8
BRDA:24,0,1,0
BRDA:35,1,0,0
BRDA:35,1,1,8
BRDA:48,2,0,0
BRDA:48,2,1,8
BRDA:57,3,0,8
BRDA:57,3,1,0
BRF:8
BRH:4
end_of_record
TN:
SF:src/components/ZoomControls.tsx
FN:13,(anonymous_0)
FNF:1
FNH:0
FNDA:0,(anonymous_0)
DA:13,1
DA:14,0
LF:2
LH:1
BRDA:37,0,0,0
BRDA:37,0,1,0
BRF:2
BRH:0
end_of_record
TN:
SF:src/contexts/AuthContext.tsx
FN:34,(anonymous_0)
FN:47,(anonymous_1)
FN:57,(anonymous_2)
FN:63,(anonymous_3)
FN:64,(anonymous_4)
FN:107,(anonymous_5)
FN:141,(anonymous_6)
FN:145,(anonymous_7)
FN:170,(anonymous_8)
FN:196,(anonymous_9)
FN:202,(anonymous_10)
FN:207,(anonymous_11)
FN:213,(anonymous_12)
FN:220,(anonymous_13)
FN:232,(anonymous_14)
FN:242,(anonymous_15)
FN:269,(anonymous_16)
FNF:17
FNH:11
FNDA:10,(anonymous_0)
FNDA:1,(anonymous_1)
FNDA:1,(anonymous_2)
FNDA:1,(anonymous_3)
FNDA:0,(anonymous_4)
FNDA:0,(anonymous_5)
FNDA:5,(anonymous_6)
FNDA:5,(anonymous_7)
FNDA:0,(anonymous_8)
FNDA:5,(anonymous_9)
FNDA:6,(anonymous_10)
FNDA:0,(anonymous_11)
FNDA:1,(anonymous_12)
FNDA:0,(anonymous_13)
FNDA:0,(anonymous_14)
FNDA:1,(anonymous_15)
FNDA:8,(anonymous_16)
DA:32,2
DA:34,2
DA:35,10
DA:36,10
DA:37,10
DA:38,10
DA:39,10
DA:40,10
DA:43,10
DA:44,10
DA:45,10
DA:47,10
DA:49,1
DA:50,1
DA:53,1
DA:54,0
DA:57,1
DA:58,1
DA:59,1
DA:60,1
DA:63,1
DA:64,1
DA:67,1
DA:74,1
DA:75,1
DA:77,1
DA:79,0
DA:80,0
DA:81,0
DA:82,0
DA:93,0
DA:95,0
DA:96,0
DA:97,0
DA:99,0
DA:100,0
DA:105,0
DA:106,0
DA:107,0
DA:108,0
DA:110,0
DA:113,1
DA:115,1
DA:116,1
DA:117,1
DA:119,0
DA:120,0
DA:121,0
DA:122,0
DA:123,0
DA:124,0
DA:125,0
DA:126,0
DA:127,0
DA:130,0
DA:132,1
DA:133,1
DA:137,1
DA:138,1
DA:141,10
DA:142,5
DA:145,5
DA:146,5
DA:147,5
DA:149,5
DA:151,5
DA:152,1
DA:153,1
DA:154,1
DA:156,4
DA:157,4
DA:158,4
DA:161,0
DA:163,5
DA:167,5
DA:170,5
DA:171,0
DA:173,0
DA:174,0
DA:176,0
DA:177,0
DA:178,0
DA:180,0
DA:181,0
DA:182,0
DA:185,0
DA:186,0
DA:189,0
DA:190,0
DA:193,0
DA:196,5
DA:197,5
DA:198,5
DA:202,10
DA:203,6
DA:204,6
DA:207,10
DA:208,0
DA:209,0
DA:213,10
DA:214,1
DA:220,10
DA:221,0
DA:232,10
DA:233,0
DA:234,0
DA:242,10
DA:243,1
DA:244,1
DA:245,1
DA:246,1
DA:247,1
DA:248,1
DA:251,10
DA:266,10
DA:269,2
DA:270,8
DA:271,8
DA:272,0
DA:274,8
LF:120
LH:73
BRDA:47,0,0,1
BRDA:49,1,0,0
BRDA:49,1,1,1
BRDA:50,2,0,1
BRDA:50,2,1,0
BRDA:53,3,0,0
BRDA:53,3,1,1
BRDA:53,4,0,1
BRDA:53,4,1,0
BRDA:57,5,0,1
BRDA:77,6,0,0
BRDA:77,6,1,1
BRDA:79,7,0,0
BRDA:79,7,1,0
BRDA:79,8,0,0
BRDA:79,8,1,0
BRDA:87,9,0,0
BRDA:87,9,1,0
BRDA:87,9,2,0
BRDA:88,10,0,0
BRDA:88,10,1,0
BRDA:88,10,2,0
BRDA:93,11,0,0
BRDA:93,11,1,0
BRDA:105,12,0,0
BRDA:105,12,1,0
BRDA:105,13,0,0
BRDA:105,13,1,0
BRDA:105,13,2,0
BRDA:113,14,0,0
BRDA:113,14,1,1
BRDA:119,15,0,0
BRDA:119,15,1,0
BRDA:120,16,0,0
BRDA:120,16,1,0
BRDA:122,17,0,0
BRDA:122,17,1,0
BRDA:126,18,0,0
BRDA:126,18,1,0
BRDA:149,19,0,0
BRDA:149,19,1,5
BRDA:151,20,0,1
BRDA:151,20,1,4
BRDA:163,21,0,5
BRDA:163,21,1,0
BRDA:171,22,0,0
BRDA:171,22,1,0
BRDA:174,23,0,0
BRDA:174,23,1,0
BRDA:176,24,0,0
BRDA:176,24,1,0
BRDA:180,25,0,0
BRDA:180,25,1,0
BRDA:180,26,0,0
BRDA:180,26,1,0
BRDA:185,27,0,0
BRDA:185,27,1,0
BRDA:185,28,0,0
BRDA:185,28,1,0
BRDA:208,29,0,0
BRDA:208,29,1,0
BRDA:233,30,0,0
BRDA:233,30,1,0
BRDA:271,31,0,0
BRDA:271,31,1,8
BRF:65
BRH:13
end_of_record
TN:
SF:src/hooks/useAuth.ts
FNF:0
FNH:0
LF:0
LH:0
BRF:0
BRH:0
end_of_record
TN:
SF:src/hooks/useCredits.ts
FN:3,(anonymous_0)
FN:10,(anonymous_1)
FNF:2
FNH:1
FNDA:2,(anonymous_0)
FNDA:0,(anonymous_1)
DA:3,1
DA:4,2
DA:5,2
DA:6,2
DA:8,2
DA:10,2
DA:11,0
DA:14,2
LF:8
LH:7
BRDA:4,0,0,2
BRDA:4,0,1,0
BRDA:5,1,0,2
BRDA:5,1,1,0
BRDA:8,2,0,0
BRDA:8,2,1,2
BRDA:8,3,0,0
BRDA:8,3,1,2
BRDA:8,4,0,2
BRDA:8,4,1,0
BRF:10
BRH:5
end_of_record
TN:
SF:src/hooks/useImageGeneration.ts
FN:19,(anonymous_0)
FN:33,(anonymous_1)
FN:34,(anonymous_2)
FN:34,(anonymous_3)
FN:41,(anonymous_4)
FN:42,(anonymous_5)
FN:42,(anonymous_6)
FN:49,(anonymous_7)
FN:50,(anonymous_8)
FN:50,(anonymous_9)
FN:55,(anonymous_10)
FN:66,(anonymous_11)
FN:73,(anonymous_12)
FN:104,(anonymous_13)
FN:105,(anonymous_14)
FN:116,(anonymous_15)
FN:124,(anonymous_16)
FN:132,(anonymous_17)
FN:138,(anonymous_18)
FNF:19
FNH:13
FNDA:7,(anonymous_0)
FNDA:1,(anonymous_1)
FNDA:1,(anonymous_2)
FNDA:1,(anonymous_3)
FNDA:1,(anonymous_4)
FNDA:1,(anonymous_5)
FNDA:1,(anonymous_6)
FNDA:0,(anonymous_7)
FNDA:0,(anonymous_8)
FNDA:0,(anonymous_9)
FNDA:1,(anonymous_10)
FNDA:3,(anonymous_11)
FNDA:1,(anonymous_12)
FNDA:3,(anonymous_13)
FNDA:4,(anonymous_14)
FNDA:1,(anonymous_15)
FNDA:0,(anonymous_16)
FNDA:0,(anonymous_17)
FNDA:0,(anonymous_18)
DA:19,1
DA:30,7
DA:31,7
DA:33,7
DA:34,1
DA:35,1
DA:41,7
DA:42,1
DA:43,1
DA:49,7
DA:50,0
DA:51,0
DA:55,7
DA:56,1
DA:57,1
DA:66,7
DA:67,3
DA:68,2
DA:69,2
DA:70,1
DA:73,7
DA:74,1
DA:75,1
DA:76,1
DA:84,1
DA:85,1
DA:87,1
DA:89,1
DA:90,0
DA:93,0
DA:94,0
DA:96,0
DA:97,0
DA:100,0
DA:104,7
DA:105,4
DA:106,3
DA:107,2
DA:108,2
DA:110,2
DA:113,1
DA:114,1
DA:116,1
DA:120,1
DA:122,1
DA:123,1
DA:124,0
DA:126,1
DA:129,1
DA:132,7
DA:133,0
DA:134,0
DA:135,0
DA:138,0
DA:139,0
DA:141,0
DA:142,0
DA:143,0
DA:145,0
DA:147,0
DA:150,7
LF:61
LH:42
BRDA:35,0,0,1
BRDA:35,0,1,0
BRDA:36,1,0,1
BRDA:36,1,1,0
BRDA:43,2,0,1
BRDA:43,2,1,0
BRDA:51,3,0,0
BRDA:51,3,1,0
BRDA:56,4,0,0
BRDA:56,4,1,1
BRDA:61,5,0,1
BRDA:61,5,1,0
BRDA:67,6,0,1
BRDA:67,6,1,2
BRDA:68,7,0,0
BRDA:68,7,1,2
BRDA:69,8,0,1
BRDA:69,8,1,1
BRDA:79,9,0,1
BRDA:79,9,1,0
BRDA:80,10,0,1
BRDA:80,10,1,0
BRDA:89,11,0,0
BRDA:89,11,1,1
BRDA:93,12,0,0
BRDA:93,12,1,0
BRDA:96,13,0,0
BRDA:96,13,1,0
BRDA:96,14,0,0
BRDA:96,14,1,0
BRDA:106,15,0,2
BRDA:106,15,1,1
BRDA:107,16,0,2
BRDA:107,16,1,0
BRDA:123,17,0,0
BRDA:123,17,1,1
BRDA:133,18,0,0
BRDA:133,18,1,0
BRDA:139,19,0,0
BRDA:139,19,1,0
BRF:40
BRH:17
end_of_record
TN:
SF:src/hooks/useProject.ts
FN:17,(anonymous_0)
FN:28,(anonymous_1)
FN:32,(anonymous_2)
FN:43,(anonymous_3)
FN:50,(anonymous_4)
FN:56,(anonymous_5)
FN:65,(anonymous_6)
FN:66,(anonymous_7)
FN:72,(anonymous_8)
FN:75,(anonymous_9)
FN:78,(anonymous_10)
FN:94,(anonymous_11)
FN:106,(anonymous_12)
FN:108,(anonymous_13)
FN:111,(anonymous_14)
FN:134,(anonymous_15)
FN:134,(anonymous_16)
FN:135,(anonymous_17)
FN:150,(anonymous_18)
FN:152,(anonymous_19)
FN:155,(anonymous_20)
FN:155,(anonymous_21)
FN:171,(anonymous_22)
FN:172,(anonymous_23)
FN:172,(anonymous_24)
FN:177,(anonymous_25)
FN:178,(anonymous_26)
FN:179,(anonymous_27)
FN:179,(anonymous_28)
FNF:29
FNH:10
FNDA:25,(anonymous_0)
FNDA:20,(anonymous_1)
FNDA:18,(anonymous_2)
FNDA:7,(anonymous_3)
FNDA:25,(anonymous_4)
FNDA:6,(anonymous_5)
FNDA:0,(anonymous_6)
FNDA:0,(anonymous_7)
FNDA:1,(anonymous_8)
FNDA:1,(anonymous_9)
FNDA:1,(anonymous_10)
FNDA:1,(anonymous_11)
FNDA:0,(anonymous_12)
FNDA:0,(anonymous_13)
FNDA:0,(anonymous_14)
FNDA:0,(anonymous_15)
FNDA:0,(anonymous_16)
FNDA:0,(anonymous_17)
FNDA:0,(anonymous_18)
FNDA:0,(anonymous_19)
FNDA:0,(anonymous_20)
FNDA:0,(anonymous_21)
FNDA:0,(anonymous_22)
FNDA:0,(anonymous_23)
FNDA:0,(anonymous_24)
FNDA:0,(anonymous_25)
FNDA:0,(anonymous_26)
FNDA:0,(anonymous_27)
FNDA:0,(anonymous_28)
DA:15,1
DA:17,1
DA:18,25
DA:19,25
DA:20,25
DA:23,25
DA:24,25
DA:25,25
DA:28,25
DA:29,25
DA:32,25
DA:34,18
DA:35,5
DA:36,5
DA:38,5
DA:42,18
DA:43,7
DA:44,7
DA:45,0
DA:50,25
DA:52,25
DA:53,5
DA:54,20
DA:56,6
DA:57,2
DA:65,25
DA:66,0
DA:67,0
DA:68,0
DA:72,25
DA:73,1
DA:75,1
DA:76,1
DA:78,1
DA:79,1
DA:81,1
DA:82,1
DA:86,1
DA:94,25
DA:95,1
DA:96,1
DA:98,1
DA:99,1
DA:100,1
DA:102,0
DA:106,25
DA:108,0
DA:111,0
DA:112,0
DA:113,0
DA:114,0
DA:116,0
DA:119,0
DA:120,0
DA:124,0
DA:125,0
DA:131,0
DA:134,0
DA:135,0
DA:136,0
DA:137,0
DA:138,0
DA:140,0
DA:141,0
DA:143,0
DA:146,0
DA:150,25
DA:151,0
DA:152,0
DA:155,0
DA:157,0
DA:158,0
DA:161,0
DA:163,0
DA:164,0
DA:166,0
DA:171,25
DA:172,0
DA:173,0
DA:177,25
DA:178,0
DA:179,0
DA:182,25
LF:83
LH:45
BRDA:19,0,0,25
BRDA:29,1,0,13
BRDA:29,1,1,12
BRDA:34,2,0,5
BRDA:34,2,1,13
BRDA:34,3,0,18
BRDA:34,3,1,10
BRDA:35,4,0,5
BRDA:35,4,1,0
BRDA:42,5,0,7
BRDA:42,5,1,11
BRDA:42,6,0,18
BRDA:42,6,1,7
BRDA:44,7,0,0
BRDA:44,7,1,7
BRDA:52,8,0,5
BRDA:52,8,1,20
BRDA:52,9,0,25
BRDA:52,9,1,17
BRDA:54,10,0,2
BRDA:54,10,1,18
BRDA:56,11,0,20
BRDA:56,11,1,8
BRDA:57,12,0,0
BRDA:57,12,1,2
BRDA:67,13,0,0
BRDA:67,13,1,0
BRDA:68,14,0,0
BRDA:68,14,1,0
BRDA:73,15,0,0
BRDA:73,15,1,1
BRDA:76,16,0,0
BRDA:76,16,1,1
BRDA:79,17,0,0
BRDA:79,17,1,1
BRDA:82,18,0,1
BRDA:82,18,1,0
BRDA:96,19,0,0
BRDA:96,19,1,1
BRDA:113,20,0,0
BRDA:113,20,1,0
BRDA:119,21,0,0
BRDA:119,21,1,0
BRDA:119,22,0,0
BRDA:119,22,1,0
BRDA:131,23,0,0
BRDA:131,23,1,0
BRDA:136,24,0,0
BRDA:136,24,1,0
BRDA:137,25,0,0
BRDA:137,25,1,0
BRDA:140,26,0,0
BRDA:140,26,1,0
BRDA:157,27,0,0
BRDA:157,27,1,0
BRDA:161,28,0,0
BRDA:161,28,1,0
BRDA:161,29,0,0
BRDA:161,29,1,0
BRDA:173,30,0,0
BRDA:173,30,1,0
BRF:61
BRH:27
end_of_record
TN:
SF:src/hooks/useProjectQuery.ts
FN:11,(anonymous_0)
FN:14,(anonymous_1)
FN:17,(anonymous_2)
FN:23,(anonymous_3)
FN:27,(anonymous_4)
FN:28,(anonymous_5)
FN:29,(anonymous_6)
FN:36,(anonymous_7)
FN:40,(anonymous_8)
FN:43,(anonymous_9)
FN:46,(anonymous_10)
FN:49,(anonymous_11)
FN:53,(anonymous_12)
FN:54,(anonymous_13)
FN:76,(anonymous_14)
FN:80,(anonymous_15)
FN:83,(anonymous_16)
FN:88,(anonymous_17)
FN:90,(anonymous_18)
FN:92,(anonymous_19)
FN:98,(anonymous_20)
FNF:21
FNH:7
FNDA:27,(anonymous_0)
FNDA:25,(anonymous_1)
FNDA:5,(anonymous_2)
FNDA:25,(anonymous_3)
FNDA:1,(anonymous_4)
FNDA:1,(anonymous_5)
FNDA:1,(anonymous_6)
FNDA:0,(anonymous_7)
FNDA:0,(anonymous_8)
FNDA:0,(anonymous_9)
FNDA:0,(anonymous_10)
FNDA:0,(anonymous_11)
FNDA:0,(anonymous_12)
FNDA:0,(anonymous_13)
FNDA:0,(anonymous_14)
FNDA:0,(anonymous_15)
FNDA:0,(anonymous_16)
FNDA:0,(anonymous_17)
FNDA:0,(anonymous_18)
FNDA:0,(anonymous_19)
FNDA:0,(anonymous_20)
DA:10,1
DA:11,27
DA:14,1
DA:15,25
DA:17,5
DA:23,1
DA:24,25
DA:26,25
DA:27,1
DA:29,1
DA:30,1
DA:36,1
DA:37,0
DA:39,0
DA:41,0
DA:44,0
DA:46,0
DA:47,0
DA:49,0
DA:50,0
DA:53,0
DA:54,0
DA:55,0
DA:57,0
DA:58,0
DA:60,0
DA:61,0
DA:63,0
DA:69,0
DA:76,1
DA:77,0
DA:79,0
DA:81,0
DA:85,0
DA:88,0
DA:89,0
DA:90,0
DA:92,0
DA:96,0
DA:100,0
DA:101,0
LF:41
LH:13
BRDA:30,0,0,1
BRDA:30,0,1,0
BRDA:44,1,0,0
BRDA:44,1,1,0
BRDA:44,2,0,0
BRDA:44,2,1,0
BRDA:47,3,0,0
BRDA:47,3,1,0
BRDA:50,4,0,0
BRDA:50,4,1,0
BRDA:55,5,0,0
BRDA:55,5,1,0
BRDA:57,6,0,0
BRDA:57,6,1,0
BRDA:60,7,0,0
BRDA:60,7,1,0
BRDA:89,8,0,0
BRDA:89,8,1,0
BRDA:100,9,0,0
BRDA:100,9,1,0
BRF:20
BRH:1
end_of_record
TN:
SF:src/services/adminService.ts
FN:13,(anonymous_0)
FN:21,(anonymous_1)
FN:38,(anonymous_2)
FN:60,(anonymous_3)
FNF:4
FNH:4
FNDA:3,(anonymous_0)
FNDA:3,(anonymous_1)
FNDA:3,(anonymous_2)
FNDA:1,(anonymous_3)
DA:13,1
DA:14,3
DA:15,3
DA:16,0
DA:17,3
DA:18,3
DA:21,1
DA:22,3
DA:23,3
DA:24,3
DA:25,0
DA:27,3
DA:28,3
DA:29,3
DA:31,0
DA:34,0
DA:37,1
DA:39,3
DA:40,3
DA:42,2
DA:48,2
DA:49,2
DA:51,1
DA:52,1
DA:54,1
DA:55,0
DA:57,1
DA:61,1
DA:62,1
DA:64,1
DA:73,1
DA:74,1
DA:76,0
DA:77,0
LF:34
LH:27
BRDA:15,0,0,3
BRDA:15,0,1,0
BRDA:16,1,0,0
BRDA:16,1,1,0
BRDA:17,2,0,0
BRDA:17,2,1,0
BRDA:23,3,0,3
BRDA:23,3,1,0
BRDA:24,4,0,0
BRDA:24,4,1,3
BRDA:27,5,0,3
BRDA:27,5,1,0
BRDA:40,6,0,1
BRDA:40,6,1,2
BRDA:49,7,0,1
BRDA:49,7,1,1
BRDA:51,8,0,1
BRDA:51,8,1,0
BRDA:51,8,2,0
BRDA:51,8,3,0
BRDA:54,9,0,0
BRDA:54,9,1,1
BRDA:62,10,0,0
BRDA:62,10,1,1
BRDA:74,11,0,0
BRDA:74,11,1,1
BRDA:76,12,0,0
BRDA:76,12,1,0
BRDA:76,12,2,0
BRDA:76,12,3,0
BRF:30
BRH:12
end_of_record
TN:
SF:src/services/geminiService.ts
FN:3,(anonymous_0)
FN:11,(anonymous_1)
FN:68,(anonymous_2)
FN:110,(anonymous_3)
FNF:4
FNH:4
FNDA:5,(anonymous_0)
FNDA:4,(anonymous_1)
FNDA:2,(anonymous_2)
FNDA:2,(anonymous_3)
DA:3,2
DA:4,5
DA:5,5
DA:6,0
DA:7,5
DA:8,5
DA:11,2
DA:18,4
DA:19,4
DA:20,4
DA:21,1
DA:24,3
DA:39,3
DA:40,2
DA:42,2
DA:43,2
DA:46,0
DA:49,2
DA:50,1
DA:52,1
DA:55,1
DA:56,1
DA:63,3
DA:64,3
DA:68,2
DA:73,2
DA:74,2
DA:75,2
DA:76,0
DA:79,2
DA:88,2
DA:89,0
DA:91,0
DA:92,0
DA:94,0
DA:96,0
DA:99,2
DA:100,2
DA:105,0
DA:106,0
DA:110,2
DA:123,2
DA:124,1
LF:43
LH:33
BRDA:5,0,0,5
BRDA:5,0,1,0
BRDA:6,1,0,0
BRDA:6,1,1,0
BRDA:7,2,0,0
BRDA:7,2,1,0
BRDA:20,3,0,1
BRDA:20,3,1,3
BRDA:39,4,0,2
BRDA:39,4,1,1
BRDA:46,5,0,0
BRDA:46,5,1,0
BRDA:49,6,0,1
BRDA:49,6,1,1
BRDA:50,7,0,1
BRDA:50,7,1,0
BRDA:52,8,0,1
BRDA:52,8,1,0
BRDA:59,9,0,1
BRDA:59,9,1,0
BRDA:70,10,0,2
BRDA:75,11,0,0
BRDA:75,11,1,2
BRDA:88,12,0,0
BRDA:88,12,1,2
BRDA:94,13,0,0
BRDA:94,13,1,0
BRDA:96,14,0,0
BRDA:96,14,1,0
BRDA:96,14,2,0
BRDA:123,15,0,1
BRDA:123,15,1,1
BRDA:130,16,0,1
BRDA:130,16,1,0
BRF:34
BRH:16
end_of_record
TN:
SF:src/services/projectService.ts
FN:15,(anonymous_0)
FN:21,(anonymous_1)
FN:27,(anonymous_2)
FN:37,(anonymous_3)
FN:63,(anonymous_4)
FN:64,(anonymous_5)
FN:67,(anonymous_6)
FN:73,(anonymous_7)
FN:88,(anonymous_8)
FN:103,(anonymous_9)
FN:107,(anonymous_10)
FN:124,(anonymous_11)
FN:130,(anonymous_12)
FN:132,(anonymous_13)
FN:148,(anonymous_14)
FN:152,(anonymous_15)
FN:170,(anonymous_16)
FN:179,(anonymous_17)
FN:206,(anonymous_18)
FN:217,(anonymous_19)
FN:247,(anonymous_20)
FNF:21
FNH:9
FNDA:0,(anonymous_0)
FNDA:0,(anonymous_1)
FNDA:0,(anonymous_2)
FNDA:0,(anonymous_3)
FNDA:1,(anonymous_4)
FNDA:1,(anonymous_5)
FNDA:1,(anonymous_6)
FNDA:0,(anonymous_7)
FNDA:1,(anonymous_8)
FNDA:1,(anonymous_9)
FNDA:1,(anonymous_10)
FNDA:0,(anonymous_11)
FNDA:0,(anonymous_12)
FNDA:0,(anonymous_13)
FNDA:0,(anonymous_14)
FNDA:0,(anonymous_15)
FNDA:0,(anonymous_16)
FNDA:0,(anonymous_17)
FNDA:1,(anonymous_18)
FNDA:1,(anonymous_19)
FNDA:1,(anonymous_20)
DA:5,2
DA:6,2
DA:7,2
DA:15,2
DA:16,0
DA:17,0
DA:18,0
DA:21,2
DA:22,0
DA:23,0
DA:24,0
DA:27,2
DA:36,0
DA:37,0
DA:38,0
DA:39,0
DA:41,0
DA:56,0
DA:57,0
DA:58,0
DA:60,0
DA:63,2
DA:64,1
DA:68,1
DA:69,1
DA:71,0
DA:73,0
DA:81,1
DA:88,2
DA:89,1
DA:90,1
DA:91,1
DA:92,1
DA:94,0
DA:95,0
DA:97,0
DA:98,0
DA:100,0
DA:103,2
DA:104,1
DA:107,2
DA:108,1
DA:109,1
DA:110,1
DA:111,1
DA:112,1
DA:113,1
DA:119,0
DA:120,0
DA:124,2
DA:130,0
DA:132,0
DA:138,0
DA:148,2
DA:149,0
DA:152,2
DA:153,0
DA:159,0
DA:161,0
DA:166,0
DA:170,0
DA:179,2
DA:180,0
DA:181,0
DA:187,0
DA:188,0
DA:198,0
DA:206,2
DA:215,1
DA:217,1
DA:218,1
DA:219,1
DA:220,1
DA:221,1
DA:228,1
DA:229,1
DA:230,1
DA:233,0
DA:243,0
DA:247,2
DA:254,1
DA:255,1
DA:257,1
DA:258,1
DA:259,1
DA:261,1
DA:262,1
DA:264,1
LF:88
LH:48
BRDA:6,0,0,2
BRDA:6,0,1,2
BRDA:7,1,0,2
BRDA:7,1,1,2
BRDA:16,2,0,0
BRDA:16,2,1,0
BRDA:22,3,0,0
BRDA:22,3,1,0
BRDA:23,4,0,0
BRDA:23,4,1,0
BRDA:44,5,0,0
BRDA:44,5,1,0
BRDA:46,6,0,0
BRDA:46,6,1,0
BRDA:47,7,0,0
BRDA:47,7,1,0
BRDA:49,8,0,0
BRDA:49,8,1,0
BRDA:50,9,0,0
BRDA:50,9,1,0
BRDA:56,10,0,0
BRDA:56,10,1,0
BRDA:66,11,0,1
BRDA:66,11,1,0
BRDA:68,12,0,1
BRDA:68,12,1,0
BRDA:68,13,0,1
BRDA:68,13,1,1
BRDA:68,13,2,1
BRDA:68,13,3,1
BRDA:76,14,0,0
BRDA:76,14,1,0
BRDA:77,15,0,0
BRDA:77,15,1,0
BRDA:83,16,0,1
BRDA:83,16,1,0
BRDA:84,17,0,1
BRDA:84,17,1,0
BRDA:89,18,0,0
BRDA:89,18,1,1
BRDA:91,19,0,1
BRDA:91,19,1,0
BRDA:94,20,0,0
BRDA:94,20,1,0
BRDA:94,21,0,0
BRDA:94,21,1,0
BRDA:97,22,0,0
BRDA:97,22,1,0
BRDA:97,23,0,0
BRDA:97,23,1,0
BRDA:104,24,0,0
BRDA:104,24,1,1
BRDA:109,25,0,0
BRDA:109,25,1,1
BRDA:112,26,0,0
BRDA:112,26,1,1
BRDA:112,27,0,1
BRDA:112,27,1,1
BRDA:115,28,0,1
BRDA:115,28,1,0
BRDA:116,29,0,1
BRDA:116,29,1,0
BRDA:159,30,0,0
BRDA:159,30,1,0
BRDA:159,31,0,0
BRDA:159,31,1,0
BRDA:166,32,0,0
BRDA:166,32,1,0
BRDA:166,33,0,0
BRDA:166,33,1,0
BRDA:173,34,0,0
BRDA:173,34,1,0
BRDA:175,35,0,0
BRDA:175,35,1,0
BRDA:180,36,0,0
BRDA:180,36,1,0
BRDA:187,37,0,0
BRDA:187,37,1,0
BRDA:187,38,0,0
BRDA:187,38,1,0
BRDA:193,39,0,0
BRDA:193,39,1,0
BRDA:215,40,0,0
BRDA:215,40,1,1
BRDA:215,41,0,1
BRDA:215,41,1,1
BRDA:218,42,0,0
BRDA:218,42,1,1
BRDA:219,43,0,1
BRDA:219,43,1,0
BRDA:224,44,0,1
BRDA:224,44,1,0
BRDA:228,45,0,1
BRDA:228,45,1,0
BRDA:254,46,0,0
BRDA:254,46,1,1
BRDA:258,47,0,1
BRDA:258,47,1,0
BRDA:261,48,0,1
BRDA:261,48,1,0
BRF:100
BRH:31
end_of_record
TN:
SF:src/utils/downloadUtils.ts
FN:6,(anonymous_0)
FN:7,(anonymous_1)
FN:10,(anonymous_2)
FN:16,(anonymous_3)
FN:99,(anonymous_4)
FN:109,(anonymous_5)
FN:154,(anonymous_6)
FN:155,(anonymous_7)
FN:163,(anonymous_8)
FN:187,(anonymous_9)
FN:188,(anonymous_10)
FN:237,(anonymous_11)
FNF:12
FNH:0
FNDA:0,(anonymous_0)
FNDA:0,(anonymous_1)
FNDA:0,(anonymous_2)
FNDA:0,(anonymous_3)
FNDA:0,(anonymous_4)
FNDA:0,(anonymous_5)
FNDA:0,(anonymous_6)
FNDA:0,(anonymous_7)
FNDA:0,(anonymous_8)
FNDA:0,(anonymous_9)
FNDA:0,(anonymous_10)
FNDA:0,(anonymous_11)
DA:6,1
DA:7,0
DA:8,0
DA:9,0
DA:10,0
DA:11,0
DA:12,0
DA:16,1
DA:21,0
DA:22,0
DA:23,0
DA:25,0
DA:26,0
DA:28,0
DA:29,0
DA:30,0
DA:32,0
DA:33,0
DA:36,0
DA:37,0
DA:40,0
DA:41,0
DA:44,0
DA:45,0
DA:48,0
DA:49,0
DA:50,0
DA:51,0
DA:52,0
DA:55,0
DA:56,0
DA:57,0
DA:58,0
DA:61,0
DA:62,0
DA:65,0
DA:66,0
DA:67,0
DA:68,0
DA:71,0
DA:72,0
DA:73,0
DA:74,0
DA:75,0
DA:76,0
DA:78,0
DA:80,0
DA:81,0
DA:82,0
DA:83,0
DA:87,0
DA:88,0
DA:89,0
DA:90,0
DA:91,0
DA:92,0
DA:94,0
DA:95,0
DA:99,1
DA:100,0
DA:101,0
DA:102,0
DA:103,0
DA:104,0
DA:105,0
DA:109,1
DA:113,0
DA:114,0
DA:115,0
DA:117,0
DA:119,0
DA:120,0
DA:121,0
DA:123,0
DA:124,0
DA:126,0
DA:127,0
DA:129,0
DA:130,0
DA:132,0
DA:133,0
DA:135,0
DA:136,0
DA:137,0
DA:138,0
DA:139,0
DA:141,0
DA:142,0
DA:143,0
DA:144,0
DA:146,0
DA:147,0
DA:149,0
DA:150,0
DA:151,0
DA:152,0
DA:154,0
DA:155,0
DA:156,0
DA:157,0
DA:163,1
DA:164,0
DA:165,0
DA:166,0
DA:167,0
DA:168,0
DA:169,0
DA:170,0
DA:171,0
DA:172,0
DA:174,0
DA:175,0
DA:178,0
DA:179,0
DA:180,0
DA:182,0
DA:183,0
DA:184,0
DA:187,1
DA:188,0
DA:189,0
DA:191,0
DA:192,0
DA:193,0
DA:194,0
DA:195,0
DA:197,0
DA:198,0
DA:201,0
DA:202,0
DA:205,0
DA:206,0
DA:207,0
DA:208,0
DA:210,0
DA:215,0
DA:216,0
DA:217,0
DA:218,0
DA:220,0
DA:225,0
DA:226,0
DA:227,0
DA:228,0
DA:230,0
DA:235,0
DA:236,0
DA:237,0
DA:238,0
DA:239,0
DA:241,0
DA:243,0
DA:248,0
DA:249,0
DA:251,0
DA:252,0
LF:156
LH:6
BRDA:23,0,0,0
BRDA:23,0,1,0
BRDA:67,1,0,0
BRDA:67,1,1,0
BRDA:71,2,0,0
BRDA:71,2,1,0
BRDA:99,3,0,0
BRDA:115,4,0,0
BRDA:115,4,1,0
BRDA:156,5,0,0
BRDA:156,5,1,0
BRDA:164,6,0,0
BRDA:164,6,1,0
BRDA:167,7,0,0
BRDA:167,7,1,0
BRDA:174,8,0,0
BRDA:174,8,1,0
BRDA:179,9,0,0
BRDA:179,9,1,0
BRDA:183,10,0,0
BRDA:183,10,1,0
BRDA:188,11,0,0
BRDA:188,11,1,0
BRDA:188,11,2,0
BRDA:189,12,0,0
BRDA:189,12,1,0
BRDA:197,13,0,0
BRDA:197,13,1,0
BRDA:197,14,0,0
BRDA:197,14,1,0
BRDA:197,14,2,0
BRDA:205,15,0,0
BRDA:205,15,1,0
BRDA:215,16,0,0
BRDA:215,16,1,0
BRDA:225,17,0,0
BRDA:225,17,1,0
BRDA:225,18,0,0
BRDA:225,18,1,0
BRDA:235,19,0,0
BRDA:235,19,1,0
BRDA:238,20,0,0
BRDA:238,20,1,0
BRF:43
BRH:0
end_of_record
TN:
SF:src/utils/imageUtils.ts
FN:3,(anonymous_0)
FN:27,(anonymous_1)
FN:28,(anonymous_2)
FN:30,(anonymous_3)
FN:34,(anonymous_4)
FN:39,(anonymous_5)
FNF:6
FNH:5
FNDA:1,(anonymous_0)
FNDA:1,(anonymous_1)
FNDA:1,(anonymous_2)
FNDA:1,(anonymous_3)
FNDA:0,(anonymous_4)
FNDA:1,(anonymous_5)
DA:3,2
DA:4,1
DA:11,1
DA:12,1
DA:13,1
DA:14,1
DA:16,1
DA:18,0
DA:20,0
DA:21,0
DA:22,0
DA:27,2
DA:28,1
DA:29,1
DA:30,1
DA:31,1
DA:32,1
DA:34,1
DA:35,1
DA:39,2
DA:40,1
DA:41,0
DA:42,0
DA:44,0
DA:45,0
DA:46,0
DA:47,0
DA:49,0
DA:50,0
DA:52,0
LF:30
LH:17
BRDA:32,0,0,1
BRDA:32,0,1,0
BRDA:40,1,0,1
BRDA:40,1,1,0
BRDA:41,2,0,0
BRDA:41,2,1,0
BRDA:42,3,0,0
BRDA:42,3,1,0
BRDA:44,4,0,0
BRDA:44,4,1,0
BRDA:46,5,0,0
BRDA:46,5,1,0
BRF:12
BRH:2
end_of_record
